[0.707s] Invoking command in '/home/mscrobotics2425laptop11/ws_dis/build/rppg_node': CONDA_PROMPT_MODIFIER=(pyvhr) PYTHONPATH=/home/mscrobotics2425laptop11/ws_dis/build/rppg_node/prefix_override:/usr/lib/python3/dist-packages/colcon_core/task/python/colcon_distutils_commands:/home/mscrobotics2425laptop11/ws_dis/install/rppg_node/lib/python3.10/site-packages:${PYTHONPATH} /usr/bin/python3 -W ignore:setup.py install is deprecated -W ignore:easy_install command is deprecated setup.py develop --editable --build-directory /home/mscrobotics2425laptop11/ws_dis/build/rppg_node/build --no-deps symlink_data
[0.970s] running develop
[1.124s] running egg_info
[1.125s] creating rppg_node.egg-info
[1.129s] writing rppg_node.egg-info/PKG-INFO
[1.130s] writing dependency_links to rppg_node.egg-info/dependency_links.txt
[1.131s] writing entry points to rppg_node.egg-info/entry_points.txt
[1.131s] writing requirements to rppg_node.egg-info/requires.txt
[1.131s] writing top-level names to rppg_node.egg-info/top_level.txt
[1.132s] writing manifest file 'rppg_node.egg-info/SOURCES.txt'
[1.135s] reading manifest file 'rppg_node.egg-info/SOURCES.txt'
[1.136s] writing manifest file 'rppg_node.egg-info/SOURCES.txt'
[1.139s] running build_ext
[1.139s] Creating /home/mscrobotics2425laptop11/ws_dis/install/rppg_node/lib/python3.10/site-packages/rppg-node.egg-link (link to .)
[1.140s] 
[1.141s] Installed /home/mscrobotics2425laptop11/ws_dis/build/rppg_node
[1.141s] running symlink_data
[1.141s] creating /home/mscrobotics2425laptop11/ws_dis/install/rppg_node/share/ament_index
[1.141s] creating /home/mscrobotics2425laptop11/ws_dis/install/rppg_node/share/ament_index/resource_index
[1.142s] creating /home/mscrobotics2425laptop11/ws_dis/install/rppg_node/share/ament_index/resource_index/packages
[1.142s] symbolically linking /home/mscrobotics2425laptop11/ws_dis/build/rppg_node/resource/rppg_node -> /home/mscrobotics2425laptop11/ws_dis/install/rppg_node/share/ament_index/resource_index/packages
[1.142s] symbolically linking /home/mscrobotics2425laptop11/ws_dis/build/rppg_node/package.xml -> /home/mscrobotics2425laptop11/ws_dis/install/rppg_node/share/rppg_node
[1.181s] Invoked command in '/home/mscrobotics2425laptop11/ws_dis/build/rppg_node' returned '0': CONDA_PROMPT_MODIFIER=(pyvhr) PYTHONPATH=/home/mscrobotics2425laptop11/ws_dis/build/rppg_node/prefix_override:/usr/lib/python3/dist-packages/colcon_core/task/python/colcon_distutils_commands:/home/mscrobotics2425laptop11/ws_dis/install/rppg_node/lib/python3.10/site-packages:${PYTHONPATH} /usr/bin/python3 -W ignore:setup.py install is deprecated -W ignore:easy_install command is deprecated setup.py develop --editable --build-directory /home/mscrobotics2425laptop11/ws_dis/build/rppg_node/build --no-deps symlink_data
