[0.547s] Invoking command in '/home/mscrobotics2425laptop11/rPPG_ROS/ws_dis/src/rppg_node': CONDA_PROMPT_MODIFIER=(base) PS1=(rppg_env) (base) \[\e]0;\u@\h: \w\a\]${debian_chroot:+($debian_chroot)}\[\033[01;32m\]\u@\h\[\033[00m\]:\[\033[01;34m\]\w\[\033[00m\]\$ PYTHONPATH=/home/mscrobotics2425laptop11/rPPG_ROS/ws_dis/build/rppg_node/prefix_override:/usr/lib/python3/dist-packages/colcon_core/task/python/colcon_distutils_commands:/home/mscrobotics2425laptop11/rPPG_ROS/ws_dis/install/rppg_node/lib/python3.10/site-packages:${PYTHONPATH} VIRTUAL_ENV_PROMPT=(rppg_env) /usr/bin/python3 -W ignore:setup.py install is deprecated -W ignore:easy_install command is deprecated setup.py egg_info --egg-base ../../build/rppg_node build --build-base /home/mscrobotics2425laptop11/rPPG_ROS/ws_dis/build/rppg_node/build install --record /home/mscrobotics2425laptop11/rPPG_ROS/ws_dis/build/rppg_node/install.log --single-version-externally-managed install_data
[0.761s] running egg_info
[0.766s] writing ../../build/rppg_node/rppg_node.egg-info/PKG-INFO
[0.767s] writing dependency_links to ../../build/rppg_node/rppg_node.egg-info/dependency_links.txt
[0.767s] writing entry points to ../../build/rppg_node/rppg_node.egg-info/entry_points.txt
[0.767s] writing requirements to ../../build/rppg_node/rppg_node.egg-info/requires.txt
[0.768s] writing top-level names to ../../build/rppg_node/rppg_node.egg-info/top_level.txt
[0.773s] reading manifest file '../../build/rppg_node/rppg_node.egg-info/SOURCES.txt'
[0.774s] writing manifest file '../../build/rppg_node/rppg_node.egg-info/SOURCES.txt'
[0.775s] running build
[0.775s] running build_py
[0.777s] running install
[0.777s] running install_lib
[0.780s] running install_data
[0.780s] copying config/rppg_run_params.yaml -> /home/mscrobotics2425laptop11/rPPG_ROS/ws_dis/install/rppg_node/share/rppg_node/config
[0.780s] running install_egg_info
[0.783s] removing '/home/mscrobotics2425laptop11/rPPG_ROS/ws_dis/install/rppg_node/lib/python3.10/site-packages/rppg_node-0.0.0-py3.10.egg-info' (and everything under it)
[0.783s] Copying ../../build/rppg_node/rppg_node.egg-info to /home/mscrobotics2425laptop11/rPPG_ROS/ws_dis/install/rppg_node/lib/python3.10/site-packages/rppg_node-0.0.0-py3.10.egg-info
[0.785s] running install_scripts
[0.814s] Installing rppg_toolbox_node_run script to /home/mscrobotics2425laptop11/rPPG_ROS/ws_dis/install/rppg_node/lib/rppg_node
[0.814s] Installing rppg_toolbox_node_run_nn script to /home/mscrobotics2425laptop11/rPPG_ROS/ws_dis/install/rppg_node/lib/rppg_node
[0.814s] Installing rppg_toolbox_video_node script to /home/mscrobotics2425laptop11/rPPG_ROS/ws_dis/install/rppg_node/lib/rppg_node
[0.815s] Installing webcam_reader script to /home/mscrobotics2425laptop11/rPPG_ROS/ws_dis/install/rppg_node/lib/rppg_node
[0.816s] writing list of installed files to '/home/mscrobotics2425laptop11/rPPG_ROS/ws_dis/build/rppg_node/install.log'
[0.845s] Invoked command in '/home/mscrobotics2425laptop11/rPPG_ROS/ws_dis/src/rppg_node' returned '0': CONDA_PROMPT_MODIFIER=(base) PS1=(rppg_env) (base) \[\e]0;\u@\h: \w\a\]${debian_chroot:+($debian_chroot)}\[\033[01;32m\]\u@\h\[\033[00m\]:\[\033[01;34m\]\w\[\033[00m\]\$ PYTHONPATH=/home/mscrobotics2425laptop11/rPPG_ROS/ws_dis/build/rppg_node/prefix_override:/usr/lib/python3/dist-packages/colcon_core/task/python/colcon_distutils_commands:/home/mscrobotics2425laptop11/rPPG_ROS/ws_dis/install/rppg_node/lib/python3.10/site-packages:${PYTHONPATH} VIRTUAL_ENV_PROMPT=(rppg_env) /usr/bin/python3 -W ignore:setup.py install is deprecated -W ignore:easy_install command is deprecated setup.py egg_info --egg-base ../../build/rppg_node build --build-base /home/mscrobotics2425laptop11/rPPG_ROS/ws_dis/build/rppg_node/build install --record /home/mscrobotics2425laptop11/rPPG_ROS/ws_dis/build/rppg_node/install.log --single-version-externally-managed install_data
