[0.086s] [34mcolcon[0m [1;30mDEBUG[0m [32mCommand line arguments: ['/usr/bin/colcon', 'build'][0m
[0.086s] [34mcolcon[0m [1;30mDEBUG[0m [32mParsed command line arguments: Namespace(log_base=None, log_level=None, verb_name='build', build_base='build', install_base='install', merge_install=False, symlink_install=False, test_result_base=None, continue_on_error=False, executor='parallel', parallel_workers=12, event_handlers=None, ignore_user_meta=False, metas=['./colcon.meta'], base_paths=['.'], packages_ignore=None, packages_ignore_regex=None, paths=None, packages_up_to=None, packages_up_to_regex=None, packages_above=None, packages_above_and_dependencies=None, packages_above_depth=None, packages_select_by_dep=None, packages_skip_by_dep=None, packages_skip_up_to=None, packages_select_build_failed=False, packages_skip_build_finished=False, packages_select_test_failures=False, packages_skip_test_passed=False, packages_select=None, packages_skip=None, packages_select_regex=None, packages_skip_regex=None, packages_start=None, packages_end=None, allow_overriding=[], cmake_args=None, cmake_target=None, cmake_target_skip_unavailable=False, cmake_clean_cache=False, cmake_clean_first=False, cmake_force_configure=False, ament_cmake_args=None, catkin_cmake_args=None, catkin_skip_building_tests=False, mixin_files=None, mixin=None, verb_parser=<colcon_mixin.mixin.mixin_argument.MixinArgumentDecorator object at 0x7a6e66d3f100>, verb_extension=<colcon_core.verb.build.BuildVerb object at 0x7a6e66d3ec50>, main=<bound method BuildVerb.main of <colcon_core.verb.build.BuildVerb object at 0x7a6e66d3ec50>>, mixin_verb=('build',))[0m
[0.214s] [34mcolcon.colcon_core.package_discovery[0m [1;30mLevel 1[0m discover_packages(colcon_meta) check parameters
[0.214s] [34mcolcon.colcon_core.package_discovery[0m [1;30mLevel 1[0m discover_packages(recursive) check parameters
[0.214s] [34mcolcon.colcon_core.package_discovery[0m [1;30mLevel 1[0m discover_packages(ignore) check parameters
[0.214s] [34mcolcon.colcon_core.package_discovery[0m [1;30mLevel 1[0m discover_packages(path) check parameters
[0.214s] [34mcolcon.colcon_core.package_discovery[0m [1;30mLevel 1[0m discover_packages(colcon_meta) discover
[0.214s] [34mcolcon.colcon_core.package_discovery[0m [1;30mLevel 1[0m discover_packages(recursive) discover
[0.214s] [34mcolcon.colcon_core.package_discovery[0m [1;30mINFO[0m Crawling recursively for packages in '/home/mscrobotics2425laptop11/rPPG_ROS/ws_dis'
[0.214s] [34mcolcon.colcon_core.package_identification[0m [1;30mLevel 1[0m _identify(.) by extensions ['ignore', 'ignore_ament_install']
[0.214s] [34mcolcon.colcon_core.package_identification[0m [1;30mLevel 1[0m _identify(.) by extension 'ignore'
[0.214s] [34mcolcon.colcon_core.package_identification[0m [1;30mLevel 1[0m _identify(.) by extension 'ignore_ament_install'
[0.214s] [34mcolcon.colcon_core.package_identification[0m [1;30mLevel 1[0m _identify(.) by extensions ['colcon_pkg']
[0.214s] [34mcolcon.colcon_core.package_identification[0m [1;30mLevel 1[0m _identify(.) by extension 'colcon_pkg'
[0.214s] [34mcolcon.colcon_core.package_identification[0m [1;30mLevel 1[0m _identify(.) by extensions ['colcon_meta']
[0.214s] [34mcolcon.colcon_core.package_identification[0m [1;30mLevel 1[0m _identify(.) by extension 'colcon_meta'
[0.214s] [34mcolcon.colcon_core.package_identification[0m [1;30mLevel 1[0m _identify(.) by extensions ['ros']
[0.214s] [34mcolcon.colcon_core.package_identification[0m [1;30mLevel 1[0m _identify(.) by extension 'ros'
[0.228s] [34mcolcon.colcon_core.package_identification[0m [1;30mLevel 1[0m _identify(.) by extensions ['cmake', 'python']
[0.228s] [34mcolcon.colcon_core.package_identification[0m [1;30mLevel 1[0m _identify(.) by extension 'cmake'
[0.228s] [34mcolcon.colcon_core.package_identification[0m [1;30mLevel 1[0m _identify(.) by extension 'python'
[0.228s] [34mcolcon.colcon_core.package_identification[0m [1;30mLevel 1[0m _identify(.) by extensions ['python_setup_py']
[0.228s] [34mcolcon.colcon_core.package_identification[0m [1;30mLevel 1[0m _identify(.) by extension 'python_setup_py'
[0.228s] [34mcolcon.colcon_core.package_identification[0m [1;30mLevel 1[0m _identify(build) by extensions ['ignore', 'ignore_ament_install']
[0.228s] [34mcolcon.colcon_core.package_identification[0m [1;30mLevel 1[0m _identify(build) by extension 'ignore'
[0.229s] [34mcolcon.colcon_core.package_identification[0m [1;30mLevel 1[0m _identify(build) ignored
[0.229s] [34mcolcon.colcon_core.package_identification[0m [1;30mLevel 1[0m _identify(install) by extensions ['ignore', 'ignore_ament_install']
[0.229s] [34mcolcon.colcon_core.package_identification[0m [1;30mLevel 1[0m _identify(install) by extension 'ignore'
[0.229s] [34mcolcon.colcon_core.package_identification[0m [1;30mLevel 1[0m _identify(install) ignored
[0.229s] [34mcolcon.colcon_core.package_identification[0m [1;30mLevel 1[0m _identify(log) by extensions ['ignore', 'ignore_ament_install']
[0.229s] [34mcolcon.colcon_core.package_identification[0m [1;30mLevel 1[0m _identify(log) by extension 'ignore'
[0.229s] [34mcolcon.colcon_core.package_identification[0m [1;30mLevel 1[0m _identify(log) ignored
[0.229s] [34mcolcon.colcon_core.package_identification[0m [1;30mLevel 1[0m _identify(src) by extensions ['ignore', 'ignore_ament_install']
[0.229s] [34mcolcon.colcon_core.package_identification[0m [1;30mLevel 1[0m _identify(src) by extension 'ignore'
[0.229s] [34mcolcon.colcon_core.package_identification[0m [1;30mLevel 1[0m _identify(src) by extension 'ignore_ament_install'
[0.229s] [34mcolcon.colcon_core.package_identification[0m [1;30mLevel 1[0m _identify(src) by extensions ['colcon_pkg']
[0.229s] [34mcolcon.colcon_core.package_identification[0m [1;30mLevel 1[0m _identify(src) by extension 'colcon_pkg'
[0.229s] [34mcolcon.colcon_core.package_identification[0m [1;30mLevel 1[0m _identify(src) by extensions ['colcon_meta']
[0.229s] [34mcolcon.colcon_core.package_identification[0m [1;30mLevel 1[0m _identify(src) by extension 'colcon_meta'
[0.229s] [34mcolcon.colcon_core.package_identification[0m [1;30mLevel 1[0m _identify(src) by extensions ['ros']
[0.229s] [34mcolcon.colcon_core.package_identification[0m [1;30mLevel 1[0m _identify(src) by extension 'ros'
[0.229s] [34mcolcon.colcon_core.package_identification[0m [1;30mLevel 1[0m _identify(src) by extensions ['cmake', 'python']
[0.229s] [34mcolcon.colcon_core.package_identification[0m [1;30mLevel 1[0m _identify(src) by extension 'cmake'
[0.229s] [34mcolcon.colcon_core.package_identification[0m [1;30mLevel 1[0m _identify(src) by extension 'python'
[0.229s] [34mcolcon.colcon_core.package_identification[0m [1;30mLevel 1[0m _identify(src) by extensions ['python_setup_py']
[0.229s] [34mcolcon.colcon_core.package_identification[0m [1;30mLevel 1[0m _identify(src) by extension 'python_setup_py'
[0.229s] [34mcolcon.colcon_core.package_identification[0m [1;30mLevel 1[0m _identify(src/rppg_interfaces) by extensions ['ignore', 'ignore_ament_install']
[0.229s] [34mcolcon.colcon_core.package_identification[0m [1;30mLevel 1[0m _identify(src/rppg_interfaces) by extension 'ignore'
[0.229s] [34mcolcon.colcon_core.package_identification[0m [1;30mLevel 1[0m _identify(src/rppg_interfaces) by extension 'ignore_ament_install'
[0.229s] [34mcolcon.colcon_core.package_identification[0m [1;30mLevel 1[0m _identify(src/rppg_interfaces) by extensions ['colcon_pkg']
[0.229s] [34mcolcon.colcon_core.package_identification[0m [1;30mLevel 1[0m _identify(src/rppg_interfaces) by extension 'colcon_pkg'
[0.230s] [34mcolcon.colcon_core.package_identification[0m [1;30mLevel 1[0m _identify(src/rppg_interfaces) by extensions ['colcon_meta']
[0.230s] [34mcolcon.colcon_core.package_identification[0m [1;30mLevel 1[0m _identify(src/rppg_interfaces) by extension 'colcon_meta'
[0.230s] [34mcolcon.colcon_core.package_identification[0m [1;30mLevel 1[0m _identify(src/rppg_interfaces) by extensions ['ros']
[0.230s] [34mcolcon.colcon_core.package_identification[0m [1;30mLevel 1[0m _identify(src/rppg_interfaces) by extension 'ros'
[0.232s] [34mcolcon.colcon_core.package_identification[0m [1;30mDEBUG[0m [32mPackage 'src/rppg_interfaces' with type 'ros.ament_cmake' and name 'rppg_interfaces'[0m
[0.232s] [34mcolcon.colcon_core.package_identification[0m [1;30mLevel 1[0m _identify(src/rppg_node) by extensions ['ignore', 'ignore_ament_install']
[0.232s] [34mcolcon.colcon_core.package_identification[0m [1;30mLevel 1[0m _identify(src/rppg_node) by extension 'ignore'
[0.232s] [34mcolcon.colcon_core.package_identification[0m [1;30mLevel 1[0m _identify(src/rppg_node) by extension 'ignore_ament_install'
[0.232s] [34mcolcon.colcon_core.package_identification[0m [1;30mLevel 1[0m _identify(src/rppg_node) by extensions ['colcon_pkg']
[0.232s] [34mcolcon.colcon_core.package_identification[0m [1;30mLevel 1[0m _identify(src/rppg_node) by extension 'colcon_pkg'
[0.233s] [34mcolcon.colcon_core.package_identification[0m [1;30mLevel 1[0m _identify(src/rppg_node) by extensions ['colcon_meta']
[0.233s] [34mcolcon.colcon_core.package_identification[0m [1;30mLevel 1[0m _identify(src/rppg_node) by extension 'colcon_meta'
[0.233s] [34mcolcon.colcon_core.package_identification[0m [1;30mLevel 1[0m _identify(src/rppg_node) by extensions ['ros']
[0.233s] [34mcolcon.colcon_core.package_identification[0m [1;30mLevel 1[0m _identify(src/rppg_node) by extension 'ros'
[0.233s] [34mcolcon.colcon_core.package_identification[0m [1;30mDEBUG[0m [32mPackage 'src/rppg_node' with type 'ros.ament_python' and name 'rppg_node'[0m
[0.233s] [34mcolcon.colcon_core.package_discovery[0m [1;30mLevel 1[0m discover_packages(recursive) using defaults
[0.233s] [34mcolcon.colcon_core.package_discovery[0m [1;30mLevel 1[0m discover_packages(ignore) discover
[0.233s] [34mcolcon.colcon_core.package_discovery[0m [1;30mLevel 1[0m discover_packages(ignore) using defaults
[0.233s] [34mcolcon.colcon_core.package_discovery[0m [1;30mLevel 1[0m discover_packages(path) discover
[0.234s] [34mcolcon.colcon_core.package_discovery[0m [1;30mLevel 1[0m discover_packages(path) using defaults
[0.248s] [34mcolcon.colcon_core.package_discovery[0m [1;30mLevel 1[0m discover_packages(prefix_path) check parameters
[0.248s] [34mcolcon.colcon_core.package_discovery[0m [1;30mLevel 1[0m discover_packages(prefix_path) discover
[0.250s] [34mcolcon.colcon_installed_package_information.package_discovery[0m [1;30mDEBUG[0m [32mFound 35 installed packages in /home/mscrobotics2425laptop11/interbotix_ws/install[0m
[0.251s] [34mcolcon.colcon_installed_package_information.package_discovery[0m [1;30mDEBUG[0m [32mFound 1 installed packages in /home/mscrobotics2425laptop11/apriltag_ws/install[0m
[0.252s] [34mcolcon.colcon_installed_package_information.package_discovery[0m [1;30mDEBUG[0m [32mFound 444 installed packages in /opt/ros/humble[0m
[0.253s] [34mcolcon.colcon_core.package_discovery[0m [1;30mLevel 1[0m discover_packages(prefix_path) using defaults
[0.285s] [34mcolcon.colcon_core.verb[0m [1;30mLevel 5[0m set package 'rppg_interfaces' build argument 'cmake_args' from command line to 'None'
[0.285s] [34mcolcon.colcon_core.verb[0m [1;30mLevel 5[0m set package 'rppg_interfaces' build argument 'cmake_target' from command line to 'None'
[0.285s] [34mcolcon.colcon_core.verb[0m [1;30mLevel 5[0m set package 'rppg_interfaces' build argument 'cmake_target_skip_unavailable' from command line to 'False'
[0.285s] [34mcolcon.colcon_core.verb[0m [1;30mLevel 5[0m set package 'rppg_interfaces' build argument 'cmake_clean_cache' from command line to 'False'
[0.285s] [34mcolcon.colcon_core.verb[0m [1;30mLevel 5[0m set package 'rppg_interfaces' build argument 'cmake_clean_first' from command line to 'False'
[0.285s] [34mcolcon.colcon_core.verb[0m [1;30mLevel 5[0m set package 'rppg_interfaces' build argument 'cmake_force_configure' from command line to 'False'
[0.285s] [34mcolcon.colcon_core.verb[0m [1;30mLevel 5[0m set package 'rppg_interfaces' build argument 'ament_cmake_args' from command line to 'None'
[0.285s] [34mcolcon.colcon_core.verb[0m [1;30mLevel 5[0m set package 'rppg_interfaces' build argument 'catkin_cmake_args' from command line to 'None'
[0.285s] [34mcolcon.colcon_core.verb[0m [1;30mLevel 5[0m set package 'rppg_interfaces' build argument 'catkin_skip_building_tests' from command line to 'False'
[0.286s] [34mcolcon.colcon_core.verb[0m [1;30mDEBUG[0m [32mBuilding package 'rppg_interfaces' with the following arguments: {'ament_cmake_args': None, 'build_base': '/home/mscrobotics2425laptop11/rPPG_ROS/ws_dis/build/rppg_interfaces', 'catkin_cmake_args': None, 'catkin_skip_building_tests': False, 'cmake_args': None, 'cmake_clean_cache': False, 'cmake_clean_first': False, 'cmake_force_configure': False, 'cmake_target': None, 'cmake_target_skip_unavailable': False, 'install_base': '/home/mscrobotics2425laptop11/rPPG_ROS/ws_dis/install/rppg_interfaces', 'merge_install': False, 'path': '/home/mscrobotics2425laptop11/rPPG_ROS/ws_dis/src/rppg_interfaces', 'symlink_install': False, 'test_result_base': None}[0m
[0.286s] [34mcolcon.colcon_core.verb[0m [1;30mLevel 5[0m set package 'rppg_node' build argument 'cmake_args' from command line to 'None'
[0.286s] [34mcolcon.colcon_core.verb[0m [1;30mLevel 5[0m set package 'rppg_node' build argument 'cmake_target' from command line to 'None'
[0.286s] [34mcolcon.colcon_core.verb[0m [1;30mLevel 5[0m set package 'rppg_node' build argument 'cmake_target_skip_unavailable' from command line to 'False'
[0.286s] [34mcolcon.colcon_core.verb[0m [1;30mLevel 5[0m set package 'rppg_node' build argument 'cmake_clean_cache' from command line to 'False'
[0.286s] [34mcolcon.colcon_core.verb[0m [1;30mLevel 5[0m set package 'rppg_node' build argument 'cmake_clean_first' from command line to 'False'
[0.286s] [34mcolcon.colcon_core.verb[0m [1;30mLevel 5[0m set package 'rppg_node' build argument 'cmake_force_configure' from command line to 'False'
[0.286s] [34mcolcon.colcon_core.verb[0m [1;30mLevel 5[0m set package 'rppg_node' build argument 'ament_cmake_args' from command line to 'None'
[0.286s] [34mcolcon.colcon_core.verb[0m [1;30mLevel 5[0m set package 'rppg_node' build argument 'catkin_cmake_args' from command line to 'None'
[0.286s] [34mcolcon.colcon_core.verb[0m [1;30mLevel 5[0m set package 'rppg_node' build argument 'catkin_skip_building_tests' from command line to 'False'
[0.286s] [34mcolcon.colcon_core.verb[0m [1;30mDEBUG[0m [32mBuilding package 'rppg_node' with the following arguments: {'ament_cmake_args': None, 'build_base': '/home/mscrobotics2425laptop11/rPPG_ROS/ws_dis/build/rppg_node', 'catkin_cmake_args': None, 'catkin_skip_building_tests': False, 'cmake_args': None, 'cmake_clean_cache': False, 'cmake_clean_first': False, 'cmake_force_configure': False, 'cmake_target': None, 'cmake_target_skip_unavailable': False, 'install_base': '/home/mscrobotics2425laptop11/rPPG_ROS/ws_dis/install/rppg_node', 'merge_install': False, 'path': '/home/mscrobotics2425laptop11/rPPG_ROS/ws_dis/src/rppg_node', 'symlink_install': False, 'test_result_base': None}[0m
[0.286s] [34mcolcon.colcon_core.executor[0m [1;30mINFO[0m Executing jobs using 'parallel' executor
[0.287s] [34mcolcon.colcon_parallel_executor.executor.parallel[0m [1;30mDEBUG[0m [32mrun_until_complete[0m
[0.288s] [34mcolcon.colcon_ros.task.ament_cmake.build[0m [1;30mINFO[0m Building ROS package in '/home/mscrobotics2425laptop11/rPPG_ROS/ws_dis/src/rppg_interfaces' with build type 'ament_cmake'
[0.288s] [34mcolcon.colcon_cmake.task.cmake.build[0m [1;30mINFO[0m Building CMake package in '/home/mscrobotics2425laptop11/rPPG_ROS/ws_dis/src/rppg_interfaces'
[0.290s] [34mcolcon.colcon_core.plugin_system[0m [1;30mINFO[0m Skipping extension 'colcon_core.shell.bat': Not used on non-Windows systems
[0.290s] [34mcolcon.colcon_core.shell[0m [1;30mINFO[0m Skip shell extension 'powershell' for command environment: Not usable outside of PowerShell
[0.290s] [34mcolcon.colcon_core.shell[0m [1;30mDEBUG[0m [32mSkip shell extension 'dsv' for command environment[0m
[0.295s] [34mcolcon.colcon_ros.task.ament_python.build[0m [1;30mINFO[0m Building ROS package in '/home/mscrobotics2425laptop11/rPPG_ROS/ws_dis/src/rppg_node' with build type 'ament_python'
[0.296s] [34mcolcon.colcon_core.shell[0m [1;30mLevel 1[0m create_environment_hook('rppg_node', 'ament_prefix_path')
[0.296s] [34mcolcon.colcon_core.shell[0m [1;30mINFO[0m Creating environment hook '/home/mscrobotics2425laptop11/rPPG_ROS/ws_dis/install/rppg_node/share/rppg_node/hook/ament_prefix_path.ps1'
[0.298s] [34mcolcon.colcon_core.shell[0m [1;30mINFO[0m Creating environment descriptor '/home/mscrobotics2425laptop11/rPPG_ROS/ws_dis/install/rppg_node/share/rppg_node/hook/ament_prefix_path.dsv'
[0.300s] [34mcolcon.colcon_core.shell[0m [1;30mINFO[0m Creating environment hook '/home/mscrobotics2425laptop11/rPPG_ROS/ws_dis/install/rppg_node/share/rppg_node/hook/ament_prefix_path.sh'
[0.303s] [34mcolcon.colcon_core.shell[0m [1;30mINFO[0m Skip shell extension 'powershell' for command environment: Not usable outside of PowerShell
[0.303s] [34mcolcon.colcon_core.shell[0m [1;30mDEBUG[0m [32mSkip shell extension 'dsv' for command environment[0m
[0.321s] [34mcolcon.colcon_core.event_handler.log_command[0m [1;30mDEBUG[0m [32mInvoking command in '/home/mscrobotics2425laptop11/rPPG_ROS/ws_dis/build/rppg_interfaces': CMAKE_PREFIX_PATH=${CMAKE_PREFIX_PATH}:/home/mscrobotics2425laptop11/interbotix_ws/install/manip_control:/home/mscrobotics2425laptop11/interbotix_ws/install/interbotix_xs_modules:/home/mscrobotics2425laptop11/interbotix_ws/install/interbotix_perception_modules:/home/mscrobotics2425laptop11/interbotix_ws/install/interbotix_common_modules:/opt/ros/humble CONDA_PROMPT_MODIFIER=(base) /usr/bin/cmake /home/mscrobotics2425laptop11/rPPG_ROS/ws_dis/src/rppg_interfaces -DCMAKE_INSTALL_PREFIX=/home/mscrobotics2425laptop11/rPPG_ROS/ws_dis/install/rppg_interfaces[0m
[0.606s] [34mcolcon.colcon_core.task.python.build[0m [1;30mINFO[0m Building Python package in '/home/mscrobotics2425laptop11/rPPG_ROS/ws_dis/src/rppg_node'
[0.606s] [34mcolcon.colcon_core.shell[0m [1;30mINFO[0m Skip shell extension 'powershell' for command environment: Not usable outside of PowerShell
[0.606s] [34mcolcon.colcon_core.shell[0m [1;30mDEBUG[0m [32mSkip shell extension 'dsv' for command environment[0m
[0.822s] [34mcolcon.colcon_core.event_handler.log_command[0m [1;30mDEBUG[0m [32mInvoked command in '/home/mscrobotics2425laptop11/rPPG_ROS/ws_dis/build/rppg_interfaces' returned '1': CMAKE_PREFIX_PATH=${CMAKE_PREFIX_PATH}:/home/mscrobotics2425laptop11/interbotix_ws/install/manip_control:/home/mscrobotics2425laptop11/interbotix_ws/install/interbotix_xs_modules:/home/mscrobotics2425laptop11/interbotix_ws/install/interbotix_perception_modules:/home/mscrobotics2425laptop11/interbotix_ws/install/interbotix_common_modules:/opt/ros/humble CONDA_PROMPT_MODIFIER=(base) /usr/bin/cmake /home/mscrobotics2425laptop11/rPPG_ROS/ws_dis/src/rppg_interfaces -DCMAKE_INSTALL_PREFIX=/home/mscrobotics2425laptop11/rPPG_ROS/ws_dis/install/rppg_interfaces[0m
[0.846s] [34mcolcon.colcon_core.environment[0m [1;30mLevel 1[0m create_environment_scripts_only(rppg_interfaces)
[0.849s] [34mcolcon.colcon_core.environment[0m [1;30mLevel 1[0m checking '/home/mscrobotics2425laptop11/rPPG_ROS/ws_dis/install/rppg_interfaces' for CMake module files
[0.850s] [34mcolcon.colcon_core.environment[0m [1;30mLevel 1[0m checking '/home/mscrobotics2425laptop11/rPPG_ROS/ws_dis/install/rppg_interfaces' for CMake config files
[0.851s] [34mcolcon.colcon_core.environment[0m [1;30mLevel 1[0m checking '/home/mscrobotics2425laptop11/rPPG_ROS/ws_dis/install/rppg_interfaces/bin'
[0.851s] [34mcolcon.colcon_core.environment[0m [1;30mLevel 1[0m checking '/home/mscrobotics2425laptop11/rPPG_ROS/ws_dis/install/rppg_interfaces/lib/pkgconfig/rppg_interfaces.pc'
[0.851s] [34mcolcon.colcon_core.environment[0m [1;30mLevel 1[0m checking '/home/mscrobotics2425laptop11/rPPG_ROS/ws_dis/install/rppg_interfaces/lib/python3.10/site-packages'
[0.851s] [34mcolcon.colcon_core.environment[0m [1;30mLevel 1[0m checking '/home/mscrobotics2425laptop11/rPPG_ROS/ws_dis/install/rppg_interfaces/bin'
[0.852s] [34mcolcon.colcon_core.shell[0m [1;30mINFO[0m Creating package script '/home/mscrobotics2425laptop11/rPPG_ROS/ws_dis/install/rppg_interfaces/share/rppg_interfaces/package.ps1'
[0.853s] [34mcolcon.colcon_core.shell[0m [1;30mINFO[0m Creating package descriptor '/home/mscrobotics2425laptop11/rPPG_ROS/ws_dis/install/rppg_interfaces/share/rppg_interfaces/package.dsv'
[0.854s] [34mcolcon.colcon_core.shell[0m [1;30mINFO[0m Creating package script '/home/mscrobotics2425laptop11/rPPG_ROS/ws_dis/install/rppg_interfaces/share/rppg_interfaces/package.sh'
[0.856s] [34mcolcon.colcon_core.shell[0m [1;30mINFO[0m Creating package script '/home/mscrobotics2425laptop11/rPPG_ROS/ws_dis/install/rppg_interfaces/share/rppg_interfaces/package.bash'
[0.857s] [34mcolcon.colcon_core.shell[0m [1;30mINFO[0m Creating package script '/home/mscrobotics2425laptop11/rPPG_ROS/ws_dis/install/rppg_interfaces/share/rppg_interfaces/package.zsh'
[0.858s] [34mcolcon.colcon_core.environment[0m [1;30mLevel 1[0m create_file_with_runtime_dependencies(/home/mscrobotics2425laptop11/rPPG_ROS/ws_dis/install/rppg_interfaces/share/colcon-core/packages/rppg_interfaces)
[1.014s] [34mcolcon.colcon_parallel_executor.executor.parallel[0m [1;30mDEBUG[0m [32mclosing loop[0m
[1.015s] [34mcolcon.colcon_parallel_executor.executor.parallel[0m [1;30mDEBUG[0m [32mloop closed[0m
[1.015s] [34mcolcon.colcon_parallel_executor.executor.parallel[0m [1;30mDEBUG[0m [32mrun_until_complete finished with '1'[0m
[1.015s] [34mcolcon.colcon_core.event_reactor[0m [1;30mDEBUG[0m [32mjoining thread[0m
[1.025s] [34mcolcon.colcon_core.plugin_system[0m [1;30mINFO[0m Skipping extension 'colcon_notification.desktop_notification.terminal_notifier': Not used on non-Darwin systems
[1.025s] [34mcolcon.colcon_core.plugin_system[0m [1;30mINFO[0m Skipping extension 'colcon_notification.desktop_notification.win32': Not used on non-Windows systems
[1.025s] [34mcolcon.colcon_notification.desktop_notification[0m [1;30mINFO[0m Sending desktop notification using 'notify2'
[1.048s] [34mcolcon.colcon_core.event_reactor[0m [1;30mDEBUG[0m [32mjoined thread[0m
[1.049s] [34mcolcon.colcon_core.shell[0m [1;30mINFO[0m Creating prefix script '/home/mscrobotics2425laptop11/rPPG_ROS/ws_dis/install/local_setup.ps1'
[1.051s] [34mcolcon.colcon_core.shell[0m [1;30mINFO[0m Creating prefix util module '/home/mscrobotics2425laptop11/rPPG_ROS/ws_dis/install/_local_setup_util_ps1.py'
[1.053s] [34mcolcon.colcon_core.shell[0m [1;30mINFO[0m Creating prefix chain script '/home/mscrobotics2425laptop11/rPPG_ROS/ws_dis/install/setup.ps1'
[1.058s] [34mcolcon.colcon_core.shell[0m [1;30mINFO[0m Creating prefix script '/home/mscrobotics2425laptop11/rPPG_ROS/ws_dis/install/local_setup.sh'
[1.059s] [34mcolcon.colcon_core.shell[0m [1;30mINFO[0m Creating prefix util module '/home/mscrobotics2425laptop11/rPPG_ROS/ws_dis/install/_local_setup_util_sh.py'
[1.060s] [34mcolcon.colcon_core.shell[0m [1;30mINFO[0m Creating prefix chain script '/home/mscrobotics2425laptop11/rPPG_ROS/ws_dis/install/setup.sh'
[1.062s] [34mcolcon.colcon_core.shell[0m [1;30mINFO[0m Creating prefix script '/home/mscrobotics2425laptop11/rPPG_ROS/ws_dis/install/local_setup.bash'
[1.063s] [34mcolcon.colcon_core.shell[0m [1;30mINFO[0m Creating prefix chain script '/home/mscrobotics2425laptop11/rPPG_ROS/ws_dis/install/setup.bash'
[1.067s] [34mcolcon.colcon_core.shell[0m [1;30mINFO[0m Creating prefix script '/home/mscrobotics2425laptop11/rPPG_ROS/ws_dis/install/local_setup.zsh'
[1.068s] [34mcolcon.colcon_core.shell[0m [1;30mINFO[0m Creating prefix chain script '/home/mscrobotics2425laptop11/rPPG_ROS/ws_dis/install/setup.zsh'
