[0.018s] Invoking command in '/home/mscrobotics2425laptop11/rPPG_ROS/ws_dis/build/rppg_interfaces': CMAKE_PREFIX_PATH=${CMAKE_PREFIX_PATH}:/home/mscrobotics2425laptop11/rPPG_ROS/ws_dis/install/rppg_node:/home/mscrobotics2425laptop11/interbotix_ws/install/manip_control:/home/mscrobotics2425laptop11/interbotix_ws/install/interbotix_xs_modules:/home/mscrobotics2425laptop11/interbotix_ws/install/interbotix_perception_modules:/home/mscrobotics2425laptop11/interbotix_ws/install/interbotix_common_modules:/opt/ros/humble CONDA_PROMPT_MODIFIER=(base) PS1=(base) \[\e]0;\u@\h: \w\a\]${debian_chroot:+($debian_chroot)}\[\033[01;32m\]\u@\h\[\033[00m\]:\[\033[01;34m\]\w\[\033[00m\]\$ /usr/bin/cmake /home/mscrobotics2425laptop11/rPPG_ROS/ws_dis/src/rppg_interfaces -DCMAKE_INSTALL_PREFIX=/home/mscrobotics2425laptop11/rPPG_ROS/ws_dis/install/rppg_interfaces
[0.109s] -- The C compiler identification is GNU 11.4.0
[0.188s] -- The CXX compiler identification is GNU 11.4.0
[0.199s] -- Detecting C compiler ABI info
[0.310s] -- Detecting C compiler ABI info - done
[0.323s] -- Check for working C compiler: /usr/bin/cc - skipped
[0.324s] -- Detecting C compile features
[0.325s] -- Detecting C compile features - done
[0.331s] -- Detecting CXX compiler ABI info
[0.464s] -- Detecting CXX compiler ABI info - done
[0.479s] -- Check for working CXX compiler: /usr/bin/c++ - skipped
[0.480s] -- Detecting CXX compile features
[0.480s] -- Detecting CXX compile features - done
[0.492s] -- Found ament_cmake: 1.3.11 (/opt/ros/humble/share/ament_cmake/cmake)
[0.822s] -- Found Python3: /home/mscrobotics2425laptop11/miniconda3/bin/python3 (found version "3.13.5") found components: Interpreter 
[0.961s] -- Found rosidl_default_generators: 1.2.0 (/opt/ros/humble/share/rosidl_default_generators/cmake)
[0.971s] -- Using all available rosidl_typesupport_c: rosidl_typesupport_fastrtps_c;rosidl_typesupport_introspection_c
[0.980s] -- Found rosidl_adapter: 3.1.6 (/opt/ros/humble/share/rosidl_adapter/cmake)
[1.029s] -- Using all available rosidl_typesupport_cpp: rosidl_typesupport_fastrtps_cpp;rosidl_typesupport_introspection_cpp
[1.068s] -- Found sensor_msgs: 4.2.4 (/opt/ros/humble/share/sensor_msgs/cmake)
[1.229s] [31mCMake Error at /opt/ros/humble/share/rosidl_adapter/cmake/rosidl_adapt_interfaces.cmake:59 (message):
[1.229s]   execute_process(/home/mscrobotics2425laptop11/miniconda3/bin/python3 -m
[1.230s]   rosidl_adapter --package-name rppg_interfaces --arguments-file
[1.230s]   /home/mscrobotics2425laptop11/rPPG_ROS/ws_dis/build/rppg_interfaces/rosidl_adapter__arguments__rppg_interfaces.json
[1.230s]   --output-dir
[1.230s]   /home/mscrobotics2425laptop11/rPPG_ROS/ws_dis/build/rppg_interfaces/rosidl_adapter/rppg_interfaces
[1.230s]   --output-file
[1.230s]   /home/mscrobotics2425laptop11/rPPG_ROS/ws_dis/build/rppg_interfaces/rosidl_adapter/rppg_interfaces.idls)
[1.231s]   returned error code 1:
[1.231s] 
[1.231s]   AttributeError processing template 'msg.idl.em'
[1.231s] 
[1.231s]   Traceback (most recent call last):
[1.231s] 
[1.231s]     File "/opt/ros/humble/local/lib/python3.10/dist-packages/rosidl_adapter/resource/__init__.py", line 51, in evaluate_template
[1.231s]       em.BUFFERED_OPT: True,
[1.231s]       ^^^^^^^^^^^^^^^
[1.231s] 
[1.231s]   AttributeError: module 'em' has no attribute 'BUFFERED_OPT'
[1.231s] 
[1.231s]   
[1.231s] 
[1.231s]   During handling of the above exception, another exception occurred:
[1.231s] 
[1.231s]   
[1.231s] 
[1.231s]   Traceback (most recent call last):
[1.231s] 
[1.231s]     File "<frozen runpy>", line 198, in _run_module_as_main
[1.231s]     File "<frozen runpy>", line 88, in _run_code
[1.231s]     File "/opt/ros/humble/local/lib/python3.10/dist-packages/rosidl_adapter/__main__.py", line 19, in <module>
[1.231s]       sys.exit(main())
[1.231s]                ~~~~^^
[1.231s]     File "/opt/ros/humble/local/lib/python3.10/dist-packages/rosidl_adapter/main.py", line 53, in main
[1.232s]       abs_idl_file = convert_to_idl(
[1.232s]           pathlib.Path(basepath), args.package_name,
[1.232s]           pathlib.Path(relative_path), output_dir)
[1.232s]     File "/opt/ros/humble/local/lib/python3.10/dist-packages/rosidl_adapter/__init__.py", line 19, in convert_to_idl
[1.232s]       return convert_msg_to_idl(
[1.232s]           package_dir, package_name, interface_file, output_dir / 'msg')
[1.232s]     File "/opt/ros/humble/local/lib/python3.10/dist-packages/rosidl_adapter/msg/__init__.py", line 39, in convert_msg_to_idl
[1.232s]       expand_template('msg.idl.em', data, output_file, encoding='iso-8859-1')
[1.232s]       ~~~~~~~~~~~~~~~^^^^^^^^^^^^^^^^^^^^^^^^^^^^^^^^^^^^^^^^^^^^^^^^^^^^^^^^
[1.232s]     File "/opt/ros/humble/local/lib/python3.10/dist-packages/rosidl_adapter/resource/__init__.py", line 23, in expand_template
[1.232s]       content = evaluate_template(template_name, data)
[1.232s]     File "/opt/ros/humble/local/lib/python3.10/dist-packages/rosidl_adapter/resource/__init__.py", line 69, in evaluate_template
[1.232s]       _interpreter.shutdown()
[1.232s]       ^^^^^^^^^^^^^^^^^^^^^
[1.232s] 
[1.232s]   AttributeError: 'NoneType' object has no attribute 'shutdown'
[1.232s] 
[1.232s] Call Stack (most recent call first):
[1.232s]   /opt/ros/humble/share/rosidl_cmake/cmake/rosidl_generate_interfaces.cmake:130 (rosidl_adapt_interfaces)
[1.232s]   CMakeLists.txt:15 (rosidl_generate_interfaces)
[1.232s] 
[1.232s] [0m
[1.232s] -- Configuring incomplete, errors occurred!
[1.232s] See also "/home/mscrobotics2425laptop11/rPPG_ROS/ws_dis/build/rppg_interfaces/CMakeFiles/CMakeOutput.log".
[1.241s] Invoked command in '/home/mscrobotics2425laptop11/rPPG_ROS/ws_dis/build/rppg_interfaces' returned '1': CMAKE_PREFIX_PATH=${CMAKE_PREFIX_PATH}:/home/mscrobotics2425laptop11/rPPG_ROS/ws_dis/install/rppg_node:/home/mscrobotics2425laptop11/interbotix_ws/install/manip_control:/home/mscrobotics2425laptop11/interbotix_ws/install/interbotix_xs_modules:/home/mscrobotics2425laptop11/interbotix_ws/install/interbotix_perception_modules:/home/mscrobotics2425laptop11/interbotix_ws/install/interbotix_common_modules:/opt/ros/humble CONDA_PROMPT_MODIFIER=(base) PS1=(base) \[\e]0;\u@\h: \w\a\]${debian_chroot:+($debian_chroot)}\[\033[01;32m\]\u@\h\[\033[00m\]:\[\033[01;34m\]\w\[\033[00m\]\$ /usr/bin/cmake /home/mscrobotics2425laptop11/rPPG_ROS/ws_dis/src/rppg_interfaces -DCMAKE_INSTALL_PREFIX=/home/mscrobotics2425laptop11/rPPG_ROS/ws_dis/install/rppg_interfaces
