[0.169s] colcon DEBUG Command line arguments: ['/usr/bin/colcon', 'list', '-p', '--base-paths', '/home/mscrobotics2425laptop11/ws_dis']
[0.170s] colcon DEBUG Parsed command line arguments: Namespace(log_base=None, log_level=None, verb_name='list', build_base='build', ignore_user_meta=False, metas=['./colcon.meta'], base_paths=['/home/mscrobotics2425laptop11/ws_dis'], packages_ignore=None, packages_ignore_regex=None, paths=None, packages_up_to=None, packages_up_to_regex=None, packages_above=None, packages_above_and_dependencies=None, packages_above_depth=None, packages_select_by_dep=None, packages_skip_by_dep=None, packages_skip_up_to=None, packages_select_build_failed=False, packages_skip_build_finished=False, packages_select_test_failures=False, packages_skip_test_passed=False, packages_select=None, packages_skip=None, packages_select_regex=None, packages_skip_regex=None, packages_start=None, packages_end=None, allow_overriding=[], topological_order=False, names_only=False, paths_only=True, topological_graph=False, topological_graph_dot=False, topological_graph_density=False, topological_graph_legend=False, topological_graph_dot_cluster=False, topological_graph_dot_include_skipped=False, mixin_files=None, mixin=None, verb_parser=<colcon_mixin.mixin.mixin_argument.MixinArgumentDecorator object at 0x70605c468640>, verb_extension=<colcon_package_information.verb.list.ListVerb object at 0x70605c4431f0>, main=<bound method ListVerb.main of <colcon_package_information.verb.list.ListVerb object at 0x70605c4431f0>>, mixin_verb=('list',))
[0.325s] colcon.colcon_core.package_discovery Level 1 discover_packages(colcon_meta) check parameters
[0.325s] colcon.colcon_core.package_discovery Level 1 discover_packages(recursive) check parameters
[0.325s] colcon.colcon_core.package_discovery Level 1 discover_packages(ignore) check parameters
[0.325s] colcon.colcon_core.package_discovery Level 1 discover_packages(path) check parameters
[0.325s] colcon.colcon_core.package_discovery Level 1 discover_packages(recursive) discover
[0.325s] colcon.colcon_core.package_discovery INFO Crawling recursively for packages in '/home/mscrobotics2425laptop11/ws_dis'
[0.325s] colcon.colcon_core.package_identification Level 1 _identify(/home/mscrobotics2425laptop11/ws_dis) by extensions ['ignore', 'ignore_ament_install']
[0.325s] colcon.colcon_core.package_identification Level 1 _identify(/home/mscrobotics2425laptop11/ws_dis) by extension 'ignore'
[0.326s] colcon.colcon_core.package_identification Level 1 _identify(/home/mscrobotics2425laptop11/ws_dis) by extension 'ignore_ament_install'
[0.326s] colcon.colcon_core.package_identification Level 1 _identify(/home/mscrobotics2425laptop11/ws_dis) by extensions ['colcon_pkg']
[0.326s] colcon.colcon_core.package_identification Level 1 _identify(/home/mscrobotics2425laptop11/ws_dis) by extension 'colcon_pkg'
[0.326s] colcon.colcon_core.package_identification Level 1 _identify(/home/mscrobotics2425laptop11/ws_dis) by extensions ['colcon_meta']
[0.326s] colcon.colcon_core.package_identification Level 1 _identify(/home/mscrobotics2425laptop11/ws_dis) by extension 'colcon_meta'
[0.326s] colcon.colcon_core.package_identification Level 1 _identify(/home/mscrobotics2425laptop11/ws_dis) by extensions ['ros']
[0.326s] colcon.colcon_core.package_identification Level 1 _identify(/home/mscrobotics2425laptop11/ws_dis) by extension 'ros'
[0.375s] colcon.colcon_core.package_identification Level 1 _identify(/home/mscrobotics2425laptop11/ws_dis) by extensions ['cmake', 'python']
[0.375s] colcon.colcon_core.package_identification Level 1 _identify(/home/mscrobotics2425laptop11/ws_dis) by extension 'cmake'
[0.375s] colcon.colcon_core.package_identification Level 1 _identify(/home/mscrobotics2425laptop11/ws_dis) by extension 'python'
[0.375s] colcon.colcon_core.package_identification Level 1 _identify(/home/mscrobotics2425laptop11/ws_dis) by extensions ['python_setup_py']
[0.375s] colcon.colcon_core.package_identification Level 1 _identify(/home/mscrobotics2425laptop11/ws_dis) by extension 'python_setup_py'
[0.375s] colcon.colcon_core.package_identification Level 1 _identify(/home/mscrobotics2425laptop11/ws_dis/build) by extensions ['ignore', 'ignore_ament_install']
[0.376s] colcon.colcon_core.package_identification Level 1 _identify(/home/mscrobotics2425laptop11/ws_dis/build) by extension 'ignore'
[0.376s] colcon.colcon_core.package_identification Level 1 _identify(/home/mscrobotics2425laptop11/ws_dis/build) ignored
[0.376s] colcon.colcon_core.package_identification Level 1 _identify(/home/mscrobotics2425laptop11/ws_dis/install) by extensions ['ignore', 'ignore_ament_install']
[0.376s] colcon.colcon_core.package_identification Level 1 _identify(/home/mscrobotics2425laptop11/ws_dis/install) by extension 'ignore'
[0.376s] colcon.colcon_core.package_identification Level 1 _identify(/home/mscrobotics2425laptop11/ws_dis/install) ignored
[0.376s] colcon.colcon_core.package_identification Level 1 _identify(/home/mscrobotics2425laptop11/ws_dis/log) by extensions ['ignore', 'ignore_ament_install']
[0.376s] colcon.colcon_core.package_identification Level 1 _identify(/home/mscrobotics2425laptop11/ws_dis/log) by extension 'ignore'
[0.376s] colcon.colcon_core.package_identification Level 1 _identify(/home/mscrobotics2425laptop11/ws_dis/log) ignored
[0.377s] colcon.colcon_core.package_identification Level 1 _identify(/home/mscrobotics2425laptop11/ws_dis/src) by extensions ['ignore', 'ignore_ament_install']
[0.377s] colcon.colcon_core.package_identification Level 1 _identify(/home/mscrobotics2425laptop11/ws_dis/src) by extension 'ignore'
[0.377s] colcon.colcon_core.package_identification Level 1 _identify(/home/mscrobotics2425laptop11/ws_dis/src) by extension 'ignore_ament_install'
[0.377s] colcon.colcon_core.package_identification Level 1 _identify(/home/mscrobotics2425laptop11/ws_dis/src) by extensions ['colcon_pkg']
[0.377s] colcon.colcon_core.package_identification Level 1 _identify(/home/mscrobotics2425laptop11/ws_dis/src) by extension 'colcon_pkg'
[0.377s] colcon.colcon_core.package_identification Level 1 _identify(/home/mscrobotics2425laptop11/ws_dis/src) by extensions ['colcon_meta']
[0.377s] colcon.colcon_core.package_identification Level 1 _identify(/home/mscrobotics2425laptop11/ws_dis/src) by extension 'colcon_meta'
[0.377s] colcon.colcon_core.package_identification Level 1 _identify(/home/mscrobotics2425laptop11/ws_dis/src) by extensions ['ros']
[0.377s] colcon.colcon_core.package_identification Level 1 _identify(/home/mscrobotics2425laptop11/ws_dis/src) by extension 'ros'
[0.377s] colcon.colcon_core.package_identification Level 1 _identify(/home/mscrobotics2425laptop11/ws_dis/src) by extensions ['cmake', 'python']
[0.377s] colcon.colcon_core.package_identification Level 1 _identify(/home/mscrobotics2425laptop11/ws_dis/src) by extension 'cmake'
[0.377s] colcon.colcon_core.package_identification Level 1 _identify(/home/mscrobotics2425laptop11/ws_dis/src) by extension 'python'
[0.378s] colcon.colcon_core.package_identification Level 1 _identify(/home/mscrobotics2425laptop11/ws_dis/src) by extensions ['python_setup_py']
[0.378s] colcon.colcon_core.package_identification Level 1 _identify(/home/mscrobotics2425laptop11/ws_dis/src) by extension 'python_setup_py'
[0.378s] colcon.colcon_core.package_identification Level 1 _identify(/home/mscrobotics2425laptop11/ws_dis/src/rppg_node) by extensions ['ignore', 'ignore_ament_install']
[0.378s] colcon.colcon_core.package_identification Level 1 _identify(/home/mscrobotics2425laptop11/ws_dis/src/rppg_node) by extension 'ignore'
[0.378s] colcon.colcon_core.package_identification Level 1 _identify(/home/mscrobotics2425laptop11/ws_dis/src/rppg_node) by extension 'ignore_ament_install'
[0.378s] colcon.colcon_core.package_identification Level 1 _identify(/home/mscrobotics2425laptop11/ws_dis/src/rppg_node) by extensions ['colcon_pkg']
[0.378s] colcon.colcon_core.package_identification Level 1 _identify(/home/mscrobotics2425laptop11/ws_dis/src/rppg_node) by extension 'colcon_pkg'
[0.378s] colcon.colcon_core.package_identification Level 1 _identify(/home/mscrobotics2425laptop11/ws_dis/src/rppg_node) by extensions ['colcon_meta']
[0.378s] colcon.colcon_core.package_identification Level 1 _identify(/home/mscrobotics2425laptop11/ws_dis/src/rppg_node) by extension 'colcon_meta'
[0.378s] colcon.colcon_core.package_identification Level 1 _identify(/home/mscrobotics2425laptop11/ws_dis/src/rppg_node) by extensions ['ros']
[0.378s] colcon.colcon_core.package_identification Level 1 _identify(/home/mscrobotics2425laptop11/ws_dis/src/rppg_node) by extension 'ros'
[0.382s] colcon.colcon_core.package_identification DEBUG Package '/home/mscrobotics2425laptop11/ws_dis/src/rppg_node' with type 'ros.ament_python' and name 'rppg_node'
[0.382s] colcon.colcon_core.package_discovery Level 1 discover_packages(recursive) using defaults
