running develop
Removing /home/mscrobotics2425laptop11/ws_dis/install/rppg_node/lib/python3.10/site-packages/rppg-node.egg-link (link to .)
running egg_info
writing ../../build/rppg_node/rppg_node.egg-info/PKG-INFO
writing dependency_links to ../../build/rppg_node/rppg_node.egg-info/dependency_links.txt
writing entry points to ../../build/rppg_node/rppg_node.egg-info/entry_points.txt
writing requirements to ../../build/rppg_node/rppg_node.egg-info/requires.txt
writing top-level names to ../../build/rppg_node/rppg_node.egg-info/top_level.txt
reading manifest file '../../build/rppg_node/rppg_node.egg-info/SOURCES.txt'
writing manifest file '../../build/rppg_node/rppg_node.egg-info/SOURCES.txt'
running build
running build_py
creating /home/mscrobotics2425laptop11/ws_dis/build/rppg_node/build
creating /home/mscrobotics2425laptop11/ws_dis/build/rppg_node/build/lib
creating /home/mscrobotics2425laptop11/ws_dis/build/rppg_node/build/lib/rppg_node
copying rppg_node/__init__.py -> /home/mscrobotics2425laptop11/ws_dis/build/rppg_node/build/lib/rppg_node
copying rppg_node/rppg_node.py -> /home/mscrobotics2425laptop11/ws_dis/build/rppg_node/build/lib/rppg_node
running install
running install_lib
creating /home/mscrobotics2425laptop11/ws_dis/install/rppg_node/lib/python3.10/site-packages/rppg_node
copying /home/mscrobotics2425laptop11/ws_dis/build/rppg_node/build/lib/rppg_node/__init__.py -> /home/mscrobotics2425laptop11/ws_dis/install/rppg_node/lib/python3.10/site-packages/rppg_node
copying /home/mscrobotics2425laptop11/ws_dis/build/rppg_node/build/lib/rppg_node/rppg_node.py -> /home/mscrobotics2425laptop11/ws_dis/install/rppg_node/lib/python3.10/site-packages/rppg_node
byte-compiling /home/mscrobotics2425laptop11/ws_dis/install/rppg_node/lib/python3.10/site-packages/rppg_node/__init__.py to __init__.cpython-310.pyc
byte-compiling /home/mscrobotics2425laptop11/ws_dis/install/rppg_node/lib/python3.10/site-packages/rppg_node/rppg_node.py to rppg_node.cpython-310.pyc
running install_data
copying resource/rppg_node -> /home/mscrobotics2425laptop11/ws_dis/install/rppg_node/share/ament_index/resource_index/packages
copying package.xml -> /home/mscrobotics2425laptop11/ws_dis/install/rppg_node/share/rppg_node
running install_egg_info
Copying ../../build/rppg_node/rppg_node.egg-info to /home/mscrobotics2425laptop11/ws_dis/install/rppg_node/lib/python3.10/site-packages/rppg_node-0.0.0-py3.10.egg-info
running install_scripts
Installing rppg_node script to /home/mscrobotics2425laptop11/ws_dis/install/rppg_node/lib/rppg_node
writing list of installed files to '/home/mscrobotics2425laptop11/ws_dis/build/rppg_node/install.log'
