[0.595s] Invoking command in '/home/mscrobotics2425laptop11/ws_dis/build/rppg_node': CONDA_PROMPT_MODIFIER=(base) PS1=(pyvhr_ros_env) (base) \[\e]0;\u@\h: \w\a\]${debian_chroot:+($debian_chroot)}\[\033[01;32m\]\u@\h\[\033[00m\]:\[\033[01;34m\]\w\[\033[00m\]\$ PYTHONPATH=/home/mscrobotics2425laptop11/ws_dis/build/rppg_node/prefix_override:/usr/lib/python3/dist-packages/colcon_core/task/python/colcon_distutils_commands:/home/mscrobotics2425laptop11/ws_dis/install/rppg_node/lib/python3.10/site-packages:${PYTHONPATH} VIRTUAL_ENV_PROMPT=(pyvhr_ros_env) /usr/bin/python3 -W ignore:setup.py install is deprecated -W ignore:easy_install command is deprecated setup.py develop --uninstall --editable --build-directory /home/mscrobotics2425laptop11/ws_dis/build/rppg_node/build
[0.810s] running develop
[0.967s] Removing /home/mscrobotics2425laptop11/ws_dis/install/rppg_node/lib/python3.10/site-packages/rppg-node.egg-link (link to .)
[0.988s] Invoked command in '/home/mscrobotics2425laptop11/ws_dis/build/rppg_node' returned '0': CONDA_PROMPT_MODIFIER=(base) PS1=(pyvhr_ros_env) (base) \[\e]0;\u@\h: \w\a\]${debian_chroot:+($debian_chroot)}\[\033[01;32m\]\u@\h\[\033[00m\]:\[\033[01;34m\]\w\[\033[00m\]\$ PYTHONPATH=/home/mscrobotics2425laptop11/ws_dis/build/rppg_node/prefix_override:/usr/lib/python3/dist-packages/colcon_core/task/python/colcon_distutils_commands:/home/mscrobotics2425laptop11/ws_dis/install/rppg_node/lib/python3.10/site-packages:${PYTHONPATH} VIRTUAL_ENV_PROMPT=(pyvhr_ros_env) /usr/bin/python3 -W ignore:setup.py install is deprecated -W ignore:easy_install command is deprecated setup.py develop --uninstall --editable --build-directory /home/mscrobotics2425laptop11/ws_dis/build/rppg_node/build
[0.989s] Invoking command in '/home/mscrobotics2425laptop11/ws_dis/src/rppg_node': CONDA_PROMPT_MODIFIER=(base) PS1=(pyvhr_ros_env) (base) \[\e]0;\u@\h: \w\a\]${debian_chroot:+($debian_chroot)}\[\033[01;32m\]\u@\h\[\033[00m\]:\[\033[01;34m\]\w\[\033[00m\]\$ PYTHONPATH=/home/mscrobotics2425laptop11/ws_dis/build/rppg_node/prefix_override:/usr/lib/python3/dist-packages/colcon_core/task/python/colcon_distutils_commands:/home/mscrobotics2425laptop11/ws_dis/install/rppg_node/lib/python3.10/site-packages:${PYTHONPATH} VIRTUAL_ENV_PROMPT=(pyvhr_ros_env) /usr/bin/python3 -W ignore:setup.py install is deprecated -W ignore:easy_install command is deprecated setup.py egg_info --egg-base ../../build/rppg_node build --build-base /home/mscrobotics2425laptop11/ws_dis/build/rppg_node/build install --record /home/mscrobotics2425laptop11/ws_dis/build/rppg_node/install.log --single-version-externally-managed install_data --force
[1.199s] running egg_info
[1.206s] writing ../../build/rppg_node/rppg_node.egg-info/PKG-INFO
[1.206s] writing dependency_links to ../../build/rppg_node/rppg_node.egg-info/dependency_links.txt
[1.207s] writing entry points to ../../build/rppg_node/rppg_node.egg-info/entry_points.txt
[1.207s] writing requirements to ../../build/rppg_node/rppg_node.egg-info/requires.txt
[1.207s] writing top-level names to ../../build/rppg_node/rppg_node.egg-info/top_level.txt
[1.211s] reading manifest file '../../build/rppg_node/rppg_node.egg-info/SOURCES.txt'
[1.214s] writing manifest file '../../build/rppg_node/rppg_node.egg-info/SOURCES.txt'
[1.214s] running build
[1.214s] running build_py
[1.215s] creating /home/mscrobotics2425laptop11/ws_dis/build/rppg_node/build
[1.215s] creating /home/mscrobotics2425laptop11/ws_dis/build/rppg_node/build/lib
[1.215s] creating /home/mscrobotics2425laptop11/ws_dis/build/rppg_node/build/lib/rppg_node
[1.215s] copying rppg_node/__init__.py -> /home/mscrobotics2425laptop11/ws_dis/build/rppg_node/build/lib/rppg_node
[1.215s] copying rppg_node/rppg_node.py -> /home/mscrobotics2425laptop11/ws_dis/build/rppg_node/build/lib/rppg_node
[1.216s] running install
[1.216s] running install_lib
[1.218s] creating /home/mscrobotics2425laptop11/ws_dis/install/rppg_node/lib/python3.10/site-packages/rppg_node
[1.218s] copying /home/mscrobotics2425laptop11/ws_dis/build/rppg_node/build/lib/rppg_node/__init__.py -> /home/mscrobotics2425laptop11/ws_dis/install/rppg_node/lib/python3.10/site-packages/rppg_node
[1.219s] copying /home/mscrobotics2425laptop11/ws_dis/build/rppg_node/build/lib/rppg_node/rppg_node.py -> /home/mscrobotics2425laptop11/ws_dis/install/rppg_node/lib/python3.10/site-packages/rppg_node
[1.220s] byte-compiling /home/mscrobotics2425laptop11/ws_dis/install/rppg_node/lib/python3.10/site-packages/rppg_node/__init__.py to __init__.cpython-310.pyc
[1.221s] byte-compiling /home/mscrobotics2425laptop11/ws_dis/install/rppg_node/lib/python3.10/site-packages/rppg_node/rppg_node.py to rppg_node.cpython-310.pyc
[1.222s] running install_data
[1.223s] copying resource/rppg_node -> /home/mscrobotics2425laptop11/ws_dis/install/rppg_node/share/ament_index/resource_index/packages
[1.223s] copying package.xml -> /home/mscrobotics2425laptop11/ws_dis/install/rppg_node/share/rppg_node
[1.223s] running install_egg_info
[1.228s] Copying ../../build/rppg_node/rppg_node.egg-info to /home/mscrobotics2425laptop11/ws_dis/install/rppg_node/lib/python3.10/site-packages/rppg_node-0.0.0-py3.10.egg-info
[1.231s] running install_scripts
[1.260s] Installing rppg_node script to /home/mscrobotics2425laptop11/ws_dis/install/rppg_node/lib/rppg_node
[1.260s] writing list of installed files to '/home/mscrobotics2425laptop11/ws_dis/build/rppg_node/install.log'
[1.287s] Invoked command in '/home/mscrobotics2425laptop11/ws_dis/src/rppg_node' returned '0': CONDA_PROMPT_MODIFIER=(base) PS1=(pyvhr_ros_env) (base) \[\e]0;\u@\h: \w\a\]${debian_chroot:+($debian_chroot)}\[\033[01;32m\]\u@\h\[\033[00m\]:\[\033[01;34m\]\w\[\033[00m\]\$ PYTHONPATH=/home/mscrobotics2425laptop11/ws_dis/build/rppg_node/prefix_override:/usr/lib/python3/dist-packages/colcon_core/task/python/colcon_distutils_commands:/home/mscrobotics2425laptop11/ws_dis/install/rppg_node/lib/python3.10/site-packages:${PYTHONPATH} VIRTUAL_ENV_PROMPT=(pyvhr_ros_env) /usr/bin/python3 -W ignore:setup.py install is deprecated -W ignore:easy_install command is deprecated setup.py egg_info --egg-base ../../build/rppg_node build --build-base /home/mscrobotics2425laptop11/ws_dis/build/rppg_node/build install --record /home/mscrobotics2425laptop11/ws_dis/build/rppg_node/install.log --single-version-externally-managed install_data --force
