[0.563s] Invoking command in '/home/mscrobotics2425laptop11/rPPG_ROS/rppg_ws/src/rppg_node': CONDA_PROMPT_MODIFIER=(base) PS1=(rppg_env) (base) \[\e]0;\u@\h: \w\a\]${debian_chroot:+($debian_chroot)}\[\033[01;32m\]\u@\h\[\033[00m\]:\[\033[01;34m\]\w\[\033[00m\]\$ PYTHONPATH=/home/mscrobotics2425laptop11/rPPG_ROS/rppg_ws/build/rppg_node/prefix_override:/usr/lib/python3/dist-packages/colcon_core/task/python/colcon_distutils_commands:/home/mscrobotics2425laptop11/rPPG_ROS/rppg_ws/install/rppg_node/lib/python3.10/site-packages:${PYTHONPATH} VIRTUAL_ENV_PROMPT=(rppg_env) /usr/bin/python3 -W ignore:setup.py install is deprecated -W ignore:easy_install command is deprecated setup.py egg_info --egg-base ../../build/rppg_node build --build-base /home/mscrobotics2425laptop11/rPPG_ROS/rppg_ws/build/rppg_node/build install --record /home/mscrobotics2425laptop11/rPPG_ROS/rppg_ws/build/rppg_node/install.log --single-version-externally-managed install_data
[0.765s] running egg_info
[0.770s] writing ../../build/rppg_node/rppg_node.egg-info/PKG-INFO
[0.770s] writing dependency_links to ../../build/rppg_node/rppg_node.egg-info/dependency_links.txt
[0.770s] writing entry points to ../../build/rppg_node/rppg_node.egg-info/entry_points.txt
[0.771s] writing requirements to ../../build/rppg_node/rppg_node.egg-info/requires.txt
[0.771s] writing top-level names to ../../build/rppg_node/rppg_node.egg-info/top_level.txt
[0.776s] reading manifest file '../../build/rppg_node/rppg_node.egg-info/SOURCES.txt'
[0.778s] writing manifest file '../../build/rppg_node/rppg_node.egg-info/SOURCES.txt'
[0.778s] running build
[0.778s] running build_py
[0.778s] copying ./rppg_node/rppg_toolbox_video_node.py -> /home/mscrobotics2425laptop11/rPPG_ROS/rppg_ws/build/rppg_node/build/lib/rppg_node
[0.780s] running install
[0.781s] running install_lib
[0.783s] copying /home/mscrobotics2425laptop11/rPPG_ROS/rppg_ws/build/rppg_node/build/lib/rppg_node/rppg_toolbox_video_node.py -> /home/mscrobotics2425laptop11/rPPG_ROS/rppg_ws/install/rppg_node/lib/python3.10/site-packages/rppg_node
[0.785s] byte-compiling /home/mscrobotics2425laptop11/rPPG_ROS/rppg_ws/install/rppg_node/lib/python3.10/site-packages/rppg_node/rppg_toolbox_video_node.py to rppg_toolbox_video_node.cpython-310.pyc
[0.789s] running install_data
[0.790s] copying launch/rppg_pipeline_video.launch.py -> /home/mscrobotics2425laptop11/rPPG_ROS/rppg_ws/install/rppg_node/share/rppg_node/launch
[0.790s] running install_egg_info
[0.797s] removing '/home/mscrobotics2425laptop11/rPPG_ROS/rppg_ws/install/rppg_node/lib/python3.10/site-packages/rppg_node-0.0.0-py3.10.egg-info' (and everything under it)
[0.798s] Copying ../../build/rppg_node/rppg_node.egg-info to /home/mscrobotics2425laptop11/rPPG_ROS/rppg_ws/install/rppg_node/lib/python3.10/site-packages/rppg_node-0.0.0-py3.10.egg-info
[0.801s] running install_scripts
[0.828s] Installing rppg_toolbox_node_run script to /home/mscrobotics2425laptop11/rPPG_ROS/rppg_ws/install/rppg_node/lib/rppg_node
[0.828s] Installing rppg_toolbox_node_run_nn script to /home/mscrobotics2425laptop11/rPPG_ROS/rppg_ws/install/rppg_node/lib/rppg_node
[0.829s] Installing rppg_toolbox_video_node script to /home/mscrobotics2425laptop11/rPPG_ROS/rppg_ws/install/rppg_node/lib/rppg_node
[0.829s] Installing system_monitor script to /home/mscrobotics2425laptop11/rPPG_ROS/rppg_ws/install/rppg_node/lib/rppg_node
[0.830s] Installing webcam_reader script to /home/mscrobotics2425laptop11/rPPG_ROS/rppg_ws/install/rppg_node/lib/rppg_node
[0.830s] writing list of installed files to '/home/mscrobotics2425laptop11/rPPG_ROS/rppg_ws/build/rppg_node/install.log'
[0.856s] Invoked command in '/home/mscrobotics2425laptop11/rPPG_ROS/rppg_ws/src/rppg_node' returned '0': CONDA_PROMPT_MODIFIER=(base) PS1=(rppg_env) (base) \[\e]0;\u@\h: \w\a\]${debian_chroot:+($debian_chroot)}\[\033[01;32m\]\u@\h\[\033[00m\]:\[\033[01;34m\]\w\[\033[00m\]\$ PYTHONPATH=/home/mscrobotics2425laptop11/rPPG_ROS/rppg_ws/build/rppg_node/prefix_override:/usr/lib/python3/dist-packages/colcon_core/task/python/colcon_distutils_commands:/home/mscrobotics2425laptop11/rPPG_ROS/rppg_ws/install/rppg_node/lib/python3.10/site-packages:${PYTHONPATH} VIRTUAL_ENV_PROMPT=(rppg_env) /usr/bin/python3 -W ignore:setup.py install is deprecated -W ignore:easy_install command is deprecated setup.py egg_info --egg-base ../../build/rppg_node build --build-base /home/mscrobotics2425laptop11/rPPG_ROS/rppg_ws/build/rppg_node/build install --record /home/mscrobotics2425laptop11/rPPG_ROS/rppg_ws/build/rppg_node/install.log --single-version-externally-managed install_data
