[0.647s] Invoking command in '/home/mscrobotics2425laptop11/rPPG_ROS/rppg_ws/src/rppg_node': CONDA_PROMPT_MODIFIER=(base) PS1=(rppg_env) (base) \[\e]0;\u@\h: \w\a\]${debian_chroot:+($debian_chroot)}\[\033[01;32m\]\u@\h\[\033[00m\]:\[\033[01;34m\]\w\[\033[00m\]\$ PYTHONPATH=/home/mscrobotics2425laptop11/rPPG_ROS/rppg_ws/build/rppg_node/prefix_override:/usr/lib/python3/dist-packages/colcon_core/task/python/colcon_distutils_commands:/home/mscrobotics2425laptop11/rPPG_ROS/rppg_ws/install/rppg_node/lib/python3.10/site-packages:${PYTHONPATH} VIRTUAL_ENV_PROMPT=(rppg_env) /usr/bin/python3 -W ignore:setup.py install is deprecated -W ignore:easy_install command is deprecated setup.py egg_info --egg-base ../../build/rppg_node build --build-base /home/mscrobotics2425laptop11/rPPG_ROS/rppg_ws/build/rppg_node/build install --record /home/mscrobotics2425laptop11/rPPG_ROS/rppg_ws/build/rppg_node/install.log --single-version-externally-managed install_data
[0.832s] running egg_info
[0.838s] writing ../../build/rppg_node/rppg_node.egg-info/PKG-INFO
[0.839s] writing dependency_links to ../../build/rppg_node/rppg_node.egg-info/dependency_links.txt
[0.839s] writing entry points to ../../build/rppg_node/rppg_node.egg-info/entry_points.txt
[0.839s] writing requirements to ../../build/rppg_node/rppg_node.egg-info/requires.txt
[0.840s] writing top-level names to ../../build/rppg_node/rppg_node.egg-info/top_level.txt
[0.846s] reading manifest file '../../build/rppg_node/rppg_node.egg-info/SOURCES.txt'
[0.847s] writing manifest file '../../build/rppg_node/rppg_node.egg-info/SOURCES.txt'
[0.847s] running build
[0.847s] running build_py
[0.847s] copying ./rppg_node/webcam_reader.py -> /home/mscrobotics2425laptop11/rPPG_ROS/rppg_ws/build/rppg_node/build/lib/rppg_node
[0.848s] copying ./utils/face_roi_detection.py -> /home/mscrobotics2425laptop11/rPPG_ROS/rppg_ws/build/rppg_node/build/lib/utils
[0.850s] running install
[0.850s] running install_lib
[0.851s] copying /home/mscrobotics2425laptop11/rPPG_ROS/rppg_ws/build/rppg_node/build/lib/rppg_node/webcam_reader.py -> /home/mscrobotics2425laptop11/rPPG_ROS/rppg_ws/install/rppg_node/lib/python3.10/site-packages/rppg_node
[0.852s] copying /home/mscrobotics2425laptop11/rPPG_ROS/rppg_ws/build/rppg_node/build/lib/utils/face_roi_detection.py -> /home/mscrobotics2425laptop11/rPPG_ROS/rppg_ws/install/rppg_node/lib/python3.10/site-packages/utils
[0.853s] byte-compiling /home/mscrobotics2425laptop11/rPPG_ROS/rppg_ws/install/rppg_node/lib/python3.10/site-packages/rppg_node/webcam_reader.py to webcam_reader.cpython-310.pyc
[0.855s] byte-compiling /home/mscrobotics2425laptop11/rPPG_ROS/rppg_ws/install/rppg_node/lib/python3.10/site-packages/utils/face_roi_detection.py to face_roi_detection.cpython-310.pyc
[0.856s] running install_data
[0.857s] running install_egg_info
[0.860s] removing '/home/mscrobotics2425laptop11/rPPG_ROS/rppg_ws/install/rppg_node/lib/python3.10/site-packages/rppg_node-0.0.0-py3.10.egg-info' (and everything under it)
[0.860s] Copying ../../build/rppg_node/rppg_node.egg-info to /home/mscrobotics2425laptop11/rPPG_ROS/rppg_ws/install/rppg_node/lib/python3.10/site-packages/rppg_node-0.0.0-py3.10.egg-info
[0.861s] running install_scripts
[0.895s] Installing rppg_toolbox_node_run script to /home/mscrobotics2425laptop11/rPPG_ROS/rppg_ws/install/rppg_node/lib/rppg_node
[0.895s] Installing rppg_toolbox_node_run_nn script to /home/mscrobotics2425laptop11/rPPG_ROS/rppg_ws/install/rppg_node/lib/rppg_node
[0.896s] Installing rppg_toolbox_video_node script to /home/mscrobotics2425laptop11/rPPG_ROS/rppg_ws/install/rppg_node/lib/rppg_node
[0.896s] Installing system_monitor script to /home/mscrobotics2425laptop11/rPPG_ROS/rppg_ws/install/rppg_node/lib/rppg_node
[0.897s] Installing webcam_reader script to /home/mscrobotics2425laptop11/rPPG_ROS/rppg_ws/install/rppg_node/lib/rppg_node
[0.898s] writing list of installed files to '/home/mscrobotics2425laptop11/rPPG_ROS/rppg_ws/build/rppg_node/install.log'
[0.922s] Invoked command in '/home/mscrobotics2425laptop11/rPPG_ROS/rppg_ws/src/rppg_node' returned '0': CONDA_PROMPT_MODIFIER=(base) PS1=(rppg_env) (base) \[\e]0;\u@\h: \w\a\]${debian_chroot:+($debian_chroot)}\[\033[01;32m\]\u@\h\[\033[00m\]:\[\033[01;34m\]\w\[\033[00m\]\$ PYTHONPATH=/home/mscrobotics2425laptop11/rPPG_ROS/rppg_ws/build/rppg_node/prefix_override:/usr/lib/python3/dist-packages/colcon_core/task/python/colcon_distutils_commands:/home/mscrobotics2425laptop11/rPPG_ROS/rppg_ws/install/rppg_node/lib/python3.10/site-packages:${PYTHONPATH} VIRTUAL_ENV_PROMPT=(rppg_env) /usr/bin/python3 -W ignore:setup.py install is deprecated -W ignore:easy_install command is deprecated setup.py egg_info --egg-base ../../build/rppg_node build --build-base /home/mscrobotics2425laptop11/rPPG_ROS/rppg_ws/build/rppg_node/build install --record /home/mscrobotics2425laptop11/rPPG_ROS/rppg_ws/build/rppg_node/install.log --single-version-externally-managed install_data
