[0.631s] Invoking command in '/home/mscrobotics2425laptop11/rPPG_ROS/ws_dis/src/rppg_node': CONDA_PROMPT_MODIFIER=(base) PS1=(rppg_env) (base) \[\e]0;\u@\h: \w\a\]${debian_chroot:+($debian_chroot)}\[\033[01;32m\]\u@\h\[\033[00m\]:\[\033[01;34m\]\w\[\033[00m\]\$ PYTHONPATH=/home/mscrobotics2425laptop11/rPPG_ROS/ws_dis/build/rppg_node/prefix_override:/usr/lib/python3/dist-packages/colcon_core/task/python/colcon_distutils_commands:/home/mscrobotics2425laptop11/rPPG_ROS/ws_dis/install/rppg_node/lib/python3.10/site-packages:${PYTHONPATH} VIRTUAL_ENV_PROMPT=(rppg_env) /usr/bin/python3 -W ignore:setup.py install is deprecated -W ignore:easy_install command is deprecated setup.py egg_info --egg-base ../../build/rppg_node build --build-base /home/mscrobotics2425laptop11/rPPG_ROS/ws_dis/build/rppg_node/build install --record /home/mscrobotics2425laptop11/rPPG_ROS/ws_dis/build/rppg_node/install.log --single-version-externally-managed install_data
[0.822s] running egg_info
[0.833s] writing ../../build/rppg_node/rppg_node.egg-info/PKG-INFO
[0.833s] writing dependency_links to ../../build/rppg_node/rppg_node.egg-info/dependency_links.txt
[0.834s] writing entry points to ../../build/rppg_node/rppg_node.egg-info/entry_points.txt
[0.834s] writing requirements to ../../build/rppg_node/rppg_node.egg-info/requires.txt
[0.835s] writing top-level names to ../../build/rppg_node/rppg_node.egg-info/top_level.txt
[0.842s] reading manifest file '../../build/rppg_node/rppg_node.egg-info/SOURCES.txt'
[0.843s] writing manifest file '../../build/rppg_node/rppg_node.egg-info/SOURCES.txt'
[0.844s] running build
[0.844s] running build_py
[0.844s] copying rppg_node/webcam_reader.py -> /home/mscrobotics2425laptop11/rPPG_ROS/ws_dis/build/rppg_node/build/lib/rppg_node
[0.844s] copying rppg_node/rppg_toolbox_node.py -> /home/mscrobotics2425laptop11/rPPG_ROS/ws_dis/build/rppg_node/build/lib/rppg_node
[0.844s] copying rppg_node/rppg_toolbox_nn_node.py -> /home/mscrobotics2425laptop11/rPPG_ROS/ws_dis/build/rppg_node/build/lib/rppg_node
[0.848s] copying rppg_node/rppg_toolbox_node_run.py -> /home/mscrobotics2425laptop11/rPPG_ROS/ws_dis/build/rppg_node/build/lib/rppg_node
[0.848s] copying rppg_node/wrapper.py -> /home/mscrobotics2425laptop11/rPPG_ROS/ws_dis/build/rppg_node/build/lib/rppg_node
[0.849s] creating /home/mscrobotics2425laptop11/rPPG_ROS/ws_dis/build/rppg_node/build/lib/processing
[0.849s] copying processing/__init__.py -> /home/mscrobotics2425laptop11/rPPG_ROS/ws_dis/build/rppg_node/build/lib/processing
[0.849s] copying processing/face_roi_detection.py -> /home/mscrobotics2425laptop11/rPPG_ROS/ws_dis/build/rppg_node/build/lib/processing
[0.849s] running install
[0.851s] running install_lib
[0.853s] copying /home/mscrobotics2425laptop11/rPPG_ROS/ws_dis/build/rppg_node/build/lib/rppg_node/webcam_reader.py -> /home/mscrobotics2425laptop11/rPPG_ROS/ws_dis/install/rppg_node/lib/python3.10/site-packages/rppg_node
[0.853s] copying /home/mscrobotics2425laptop11/rPPG_ROS/ws_dis/build/rppg_node/build/lib/rppg_node/rppg_toolbox_node.py -> /home/mscrobotics2425laptop11/rPPG_ROS/ws_dis/install/rppg_node/lib/python3.10/site-packages/rppg_node
[0.854s] copying /home/mscrobotics2425laptop11/rPPG_ROS/ws_dis/build/rppg_node/build/lib/rppg_node/rppg_toolbox_nn_node.py -> /home/mscrobotics2425laptop11/rPPG_ROS/ws_dis/install/rppg_node/lib/python3.10/site-packages/rppg_node
[0.854s] copying /home/mscrobotics2425laptop11/rPPG_ROS/ws_dis/build/rppg_node/build/lib/rppg_node/rppg_toolbox_node_run.py -> /home/mscrobotics2425laptop11/rPPG_ROS/ws_dis/install/rppg_node/lib/python3.10/site-packages/rppg_node
[0.855s] copying /home/mscrobotics2425laptop11/rPPG_ROS/ws_dis/build/rppg_node/build/lib/rppg_node/wrapper.py -> /home/mscrobotics2425laptop11/rPPG_ROS/ws_dis/install/rppg_node/lib/python3.10/site-packages/rppg_node
[0.856s] creating /home/mscrobotics2425laptop11/rPPG_ROS/ws_dis/install/rppg_node/lib/python3.10/site-packages/processing
[0.856s] copying /home/mscrobotics2425laptop11/rPPG_ROS/ws_dis/build/rppg_node/build/lib/processing/__init__.py -> /home/mscrobotics2425laptop11/rPPG_ROS/ws_dis/install/rppg_node/lib/python3.10/site-packages/processing
[0.856s] copying /home/mscrobotics2425laptop11/rPPG_ROS/ws_dis/build/rppg_node/build/lib/processing/face_roi_detection.py -> /home/mscrobotics2425laptop11/rPPG_ROS/ws_dis/install/rppg_node/lib/python3.10/site-packages/processing
[0.858s] byte-compiling /home/mscrobotics2425laptop11/rPPG_ROS/ws_dis/install/rppg_node/lib/python3.10/site-packages/rppg_node/webcam_reader.py to webcam_reader.cpython-310.pyc
[0.860s] byte-compiling /home/mscrobotics2425laptop11/rPPG_ROS/ws_dis/install/rppg_node/lib/python3.10/site-packages/rppg_node/rppg_toolbox_node.py to rppg_toolbox_node.cpython-310.pyc
[0.864s] byte-compiling /home/mscrobotics2425laptop11/rPPG_ROS/ws_dis/install/rppg_node/lib/python3.10/site-packages/rppg_node/rppg_toolbox_nn_node.py to rppg_toolbox_nn_node.cpython-310.pyc
[0.869s] byte-compiling /home/mscrobotics2425laptop11/rPPG_ROS/ws_dis/install/rppg_node/lib/python3.10/site-packages/rppg_node/rppg_toolbox_node_run.py to rppg_toolbox_node_run.cpython-310.pyc
[0.870s] byte-compiling /home/mscrobotics2425laptop11/rPPG_ROS/ws_dis/install/rppg_node/lib/python3.10/site-packages/rppg_node/wrapper.py to wrapper.cpython-310.pyc
[0.871s] byte-compiling /home/mscrobotics2425laptop11/rPPG_ROS/ws_dis/install/rppg_node/lib/python3.10/site-packages/processing/__init__.py to __init__.cpython-310.pyc
[0.871s] byte-compiling /home/mscrobotics2425laptop11/rPPG_ROS/ws_dis/install/rppg_node/lib/python3.10/site-packages/processing/face_roi_detection.py to face_roi_detection.cpython-310.pyc
[0.873s] running install_data
[0.873s] running install_egg_info
[0.878s] removing '/home/mscrobotics2425laptop11/rPPG_ROS/ws_dis/install/rppg_node/lib/python3.10/site-packages/rppg_node-0.0.0-py3.10.egg-info' (and everything under it)
[0.879s] Copying ../../build/rppg_node/rppg_node.egg-info to /home/mscrobotics2425laptop11/rPPG_ROS/ws_dis/install/rppg_node/lib/python3.10/site-packages/rppg_node-0.0.0-py3.10.egg-info
[0.883s] running install_scripts
[0.911s] Installing rppg_node script to /home/mscrobotics2425laptop11/rPPG_ROS/ws_dis/install/rppg_node/lib/rppg_node
[0.912s] writing list of installed files to '/home/mscrobotics2425laptop11/rPPG_ROS/ws_dis/build/rppg_node/install.log'
[0.935s] Invoked command in '/home/mscrobotics2425laptop11/rPPG_ROS/ws_dis/src/rppg_node' returned '0': CONDA_PROMPT_MODIFIER=(base) PS1=(rppg_env) (base) \[\e]0;\u@\h: \w\a\]${debian_chroot:+($debian_chroot)}\[\033[01;32m\]\u@\h\[\033[00m\]:\[\033[01;34m\]\w\[\033[00m\]\$ PYTHONPATH=/home/mscrobotics2425laptop11/rPPG_ROS/ws_dis/build/rppg_node/prefix_override:/usr/lib/python3/dist-packages/colcon_core/task/python/colcon_distutils_commands:/home/mscrobotics2425laptop11/rPPG_ROS/ws_dis/install/rppg_node/lib/python3.10/site-packages:${PYTHONPATH} VIRTUAL_ENV_PROMPT=(rppg_env) /usr/bin/python3 -W ignore:setup.py install is deprecated -W ignore:easy_install command is deprecated setup.py egg_info --egg-base ../../build/rppg_node build --build-base /home/mscrobotics2425laptop11/rPPG_ROS/ws_dis/build/rppg_node/build install --record /home/mscrobotics2425laptop11/rPPG_ROS/ws_dis/build/rppg_node/install.log --single-version-externally-managed install_data
