/home/mscrobotics2425laptop11/rPPG_ROS/rppg_ws/install/rppg_node/lib/python3.10/site-packages/rppg_node/webcam_reader.py
/home/mscrobotics2425laptop11/rPPG_ROS/rppg_ws/install/rppg_node/lib/python3.10/site-packages/rppg_node/rppg_toolbox_node_run.py
/home/mscrobotics2425laptop11/rPPG_ROS/rppg_ws/install/rppg_node/lib/python3.10/site-packages/rppg_node/__init__.py
/home/mscrobotics2425laptop11/rPPG_ROS/rppg_ws/install/rppg_node/lib/python3.10/site-packages/rppg_node/rppg_toolbox_video_node.py
/home/mscrobotics2425laptop11/rPPG_ROS/rppg_ws/install/rppg_node/lib/python3.10/site-packages/utils/rppg_utils.py
/home/mscrobotics2425laptop11/rPPG_ROS/rppg_ws/install/rppg_node/lib/python3.10/site-packages/utils/__init__.py
/home/mscrobotics2425laptop11/rPPG_ROS/rppg_ws/install/rppg_node/lib/python3.10/site-packages/utils/face_roi_detection.py
/home/mscrobotics2425laptop11/rPPG_ROS/rppg_ws/install/rppg_node/lib/python3.10/site-packages/utils/utils.py
/home/mscrobotics2425laptop11/rPPG_ROS/rppg_ws/install/rppg_node/lib/python3.10/site-packages/rppg_node/__pycache__/webcam_reader.cpython-310.pyc
/home/mscrobotics2425laptop11/rPPG_ROS/rppg_ws/install/rppg_node/lib/python3.10/site-packages/rppg_node/__pycache__/rppg_toolbox_node_run.cpython-310.pyc
/home/mscrobotics2425laptop11/rPPG_ROS/rppg_ws/install/rppg_node/lib/python3.10/site-packages/rppg_node/__pycache__/__init__.cpython-310.pyc
/home/mscrobotics2425laptop11/rPPG_ROS/rppg_ws/install/rppg_node/lib/python3.10/site-packages/rppg_node/__pycache__/rppg_toolbox_video_node.cpython-310.pyc
/home/mscrobotics2425laptop11/rPPG_ROS/rppg_ws/install/rppg_node/lib/python3.10/site-packages/utils/__pycache__/rppg_utils.cpython-310.pyc
/home/mscrobotics2425laptop11/rPPG_ROS/rppg_ws/install/rppg_node/lib/python3.10/site-packages/utils/__pycache__/__init__.cpython-310.pyc
/home/mscrobotics2425laptop11/rPPG_ROS/rppg_ws/install/rppg_node/lib/python3.10/site-packages/utils/__pycache__/face_roi_detection.cpython-310.pyc
/home/mscrobotics2425laptop11/rPPG_ROS/rppg_ws/install/rppg_node/lib/python3.10/site-packages/utils/__pycache__/utils.cpython-310.pyc
/home/mscrobotics2425laptop11/rPPG_ROS/rppg_ws/install/rppg_node/share/ament_index/resource_index/packages/rppg_node
/home/mscrobotics2425laptop11/rPPG_ROS/rppg_ws/install/rppg_node/share/rppg_node/package.xml
/home/mscrobotics2425laptop11/rPPG_ROS/rppg_ws/install/rppg_node/share/rppg_node/launch/rppg_pipeline.launch.py
/home/mscrobotics2425laptop11/rPPG_ROS/rppg_ws/install/rppg_node/share/rppg_node/launch/rppg_pipeline_video.launch.py
/home/mscrobotics2425laptop11/rPPG_ROS/rppg_ws/install/rppg_node/share/rppg_node/config/rppg_run_params.yaml
/home/mscrobotics2425laptop11/rPPG_ROS/rppg_ws/install/rppg_node/share/rppg_node/msg
/home/mscrobotics2425laptop11/rPPG_ROS/rppg_ws/install/rppg_node/lib/python3.10/site-packages/rppg_node-0.0.0-py3.10.egg-info/requires.txt
/home/mscrobotics2425laptop11/rPPG_ROS/rppg_ws/install/rppg_node/lib/python3.10/site-packages/rppg_node-0.0.0-py3.10.egg-info/SOURCES.txt
/home/mscrobotics2425laptop11/rPPG_ROS/rppg_ws/install/rppg_node/lib/python3.10/site-packages/rppg_node-0.0.0-py3.10.egg-info/dependency_links.txt
/home/mscrobotics2425laptop11/rPPG_ROS/rppg_ws/install/rppg_node/lib/python3.10/site-packages/rppg_node-0.0.0-py3.10.egg-info/zip-safe
/home/mscrobotics2425laptop11/rPPG_ROS/rppg_ws/install/rppg_node/lib/python3.10/site-packages/rppg_node-0.0.0-py3.10.egg-info/top_level.txt
/home/mscrobotics2425laptop11/rPPG_ROS/rppg_ws/install/rppg_node/lib/python3.10/site-packages/rppg_node-0.0.0-py3.10.egg-info/entry_points.txt
/home/mscrobotics2425laptop11/rPPG_ROS/rppg_ws/install/rppg_node/lib/python3.10/site-packages/rppg_node-0.0.0-py3.10.egg-info/PKG-INFO
/home/mscrobotics2425laptop11/rPPG_ROS/rppg_ws/install/rppg_node/lib/rppg_node/rppg_toolbox_node_run
/home/mscrobotics2425laptop11/rPPG_ROS/rppg_ws/install/rppg_node/lib/rppg_node/rppg_toolbox_video_node
/home/mscrobotics2425laptop11/rPPG_ROS/rppg_ws/install/rppg_node/lib/rppg_node/webcam_reader
