[0.593s] Invoking command in '/home/mscrobotics2425laptop11/rPPG_ROS/rppg_ws/src/rppg_node': CONDA_PROMPT_MODIFIER=(base) PYTHONPATH=/home/mscrobotics2425laptop11/rPPG_ROS/rppg_ws/build/rppg_node/prefix_override:/usr/lib/python3/dist-packages/colcon_core/task/python/colcon_distutils_commands:/home/mscrobotics2425laptop11/rPPG_ROS/rppg_ws/install/rppg_node/lib/python3.10/site-packages:${PYTHONPATH} /usr/bin/python3 -W ignore:setup.py install is deprecated -W ignore:easy_install command is deprecated setup.py egg_info --egg-base ../../build/rppg_node build --build-base /home/mscrobotics2425laptop11/rPPG_ROS/rppg_ws/build/rppg_node/build install --record /home/mscrobotics2425laptop11/rPPG_ROS/rppg_ws/build/rppg_node/install.log --single-version-externally-managed install_data
[0.795s] running egg_info
[0.804s] writing ../../build/rppg_node/rppg_node.egg-info/PKG-INFO
[0.804s] writing dependency_links to ../../build/rppg_node/rppg_node.egg-info/dependency_links.txt
[0.805s] writing entry points to ../../build/rppg_node/rppg_node.egg-info/entry_points.txt
[0.806s] writing requirements to ../../build/rppg_node/rppg_node.egg-info/requires.txt
[0.806s] writing top-level names to ../../build/rppg_node/rppg_node.egg-info/top_level.txt
[0.810s] reading manifest file '../../build/rppg_node/rppg_node.egg-info/SOURCES.txt'
[0.812s] writing manifest file '../../build/rppg_node/rppg_node.egg-info/SOURCES.txt'
[0.812s] running build
[0.813s] running build_py
[0.813s] copying ./rppg_node/webcam_reader.py -> /home/mscrobotics2425laptop11/rPPG_ROS/rppg_ws/build/rppg_node/build/lib/rppg_node
[0.814s] running install
[0.815s] running install_lib
[0.816s] copying /home/mscrobotics2425laptop11/rPPG_ROS/rppg_ws/build/rppg_node/build/lib/rppg_node/webcam_reader.py -> /home/mscrobotics2425laptop11/rPPG_ROS/rppg_ws/install/rppg_node/lib/python3.10/site-packages/rppg_node
[0.818s] byte-compiling /home/mscrobotics2425laptop11/rPPG_ROS/rppg_ws/install/rppg_node/lib/python3.10/site-packages/rppg_node/webcam_reader.py to webcam_reader.cpython-310.pyc
[0.820s] running install_data
[0.821s] running install_egg_info
[0.824s] removing '/home/mscrobotics2425laptop11/rPPG_ROS/rppg_ws/install/rppg_node/lib/python3.10/site-packages/rppg_node-0.0.0-py3.10.egg-info' (and everything under it)
[0.824s] Copying ../../build/rppg_node/rppg_node.egg-info to /home/mscrobotics2425laptop11/rPPG_ROS/rppg_ws/install/rppg_node/lib/python3.10/site-packages/rppg_node-0.0.0-py3.10.egg-info
[0.826s] running install_scripts
[0.854s] Installing rppg_toolbox_node_run script to /home/mscrobotics2425laptop11/rPPG_ROS/rppg_ws/install/rppg_node/lib/rppg_node
[0.855s] Installing rppg_toolbox_node_run_nn script to /home/mscrobotics2425laptop11/rPPG_ROS/rppg_ws/install/rppg_node/lib/rppg_node
[0.855s] Installing rppg_toolbox_video_node script to /home/mscrobotics2425laptop11/rPPG_ROS/rppg_ws/install/rppg_node/lib/rppg_node
[0.855s] Installing system_monitor script to /home/mscrobotics2425laptop11/rPPG_ROS/rppg_ws/install/rppg_node/lib/rppg_node
[0.855s] Installing webcam_reader script to /home/mscrobotics2425laptop11/rPPG_ROS/rppg_ws/install/rppg_node/lib/rppg_node
[0.855s] writing list of installed files to '/home/mscrobotics2425laptop11/rPPG_ROS/rppg_ws/build/rppg_node/install.log'
[0.883s] Invoked command in '/home/mscrobotics2425laptop11/rPPG_ROS/rppg_ws/src/rppg_node' returned '0': CONDA_PROMPT_MODIFIER=(base) PYTHONPATH=/home/mscrobotics2425laptop11/rPPG_ROS/rppg_ws/build/rppg_node/prefix_override:/usr/lib/python3/dist-packages/colcon_core/task/python/colcon_distutils_commands:/home/mscrobotics2425laptop11/rPPG_ROS/rppg_ws/install/rppg_node/lib/python3.10/site-packages:${PYTHONPATH} /usr/bin/python3 -W ignore:setup.py install is deprecated -W ignore:easy_install command is deprecated setup.py egg_info --egg-base ../../build/rppg_node build --build-base /home/mscrobotics2425laptop11/rPPG_ROS/rppg_ws/build/rppg_node/build install --record /home/mscrobotics2425laptop11/rPPG_ROS/rppg_ws/build/rppg_node/install.log --single-version-externally-managed install_data
