[0.567s] Invoking command in '/home/mscrobotics2425laptop11/rPPG_ROS/ws_dis/src/rppg_node': CONDA_PROMPT_MODIFIER=(base) PS1=(rppg_env) (base) \[\e]0;\u@\h: \w\a\]${debian_chroot:+($debian_chroot)}\[\033[01;32m\]\u@\h\[\033[00m\]:\[\033[01;34m\]\w\[\033[00m\]\$ PYTHONPATH=/home/mscrobotics2425laptop11/rPPG_ROS/ws_dis/build/rppg_node/prefix_override:/usr/lib/python3/dist-packages/colcon_core/task/python/colcon_distutils_commands:/home/mscrobotics2425laptop11/rPPG_ROS/ws_dis/install/rppg_node/lib/python3.10/site-packages:${PYTHONPATH} VIRTUAL_ENV_PROMPT=(rppg_env) /usr/bin/python3 -W ignore:setup.py install is deprecated -W ignore:easy_install command is deprecated setup.py egg_info --egg-base ../../build/rppg_node build --build-base /home/mscrobotics2425laptop11/rPPG_ROS/ws_dis/build/rppg_node/build install --record /home/mscrobotics2425laptop11/rPPG_ROS/ws_dis/build/rppg_node/install.log --single-version-externally-managed install_data
[0.777s] running egg_info
[0.782s] writing ../../build/rppg_node/rppg_node.egg-info/PKG-INFO
[0.783s] writing dependency_links to ../../build/rppg_node/rppg_node.egg-info/dependency_links.txt
[0.784s] writing entry points to ../../build/rppg_node/rppg_node.egg-info/entry_points.txt
[0.784s] writing requirements to ../../build/rppg_node/rppg_node.egg-info/requires.txt
[0.784s] writing top-level names to ../../build/rppg_node/rppg_node.egg-info/top_level.txt
[0.788s] reading manifest file '../../build/rppg_node/rppg_node.egg-info/SOURCES.txt'
[0.789s] writing manifest file '../../build/rppg_node/rppg_node.egg-info/SOURCES.txt'
[0.790s] running build
[0.790s] running build_py
[0.790s] copying ./rppg_node/rppg_toolbox_video_node.py -> /home/mscrobotics2425laptop11/rPPG_ROS/ws_dis/build/rppg_node/build/lib/rppg_node
[0.791s] running install
[0.792s] running install_lib
[0.793s] copying /home/mscrobotics2425laptop11/rPPG_ROS/ws_dis/build/rppg_node/build/lib/rppg_node/rppg_toolbox_video_node.py -> /home/mscrobotics2425laptop11/rPPG_ROS/ws_dis/install/rppg_node/lib/python3.10/site-packages/rppg_node
[0.795s] byte-compiling /home/mscrobotics2425laptop11/rPPG_ROS/ws_dis/install/rppg_node/lib/python3.10/site-packages/rppg_node/rppg_toolbox_video_node.py to rppg_toolbox_video_node.cpython-310.pyc
[0.797s] running install_data
[0.798s] copying config/rppg_run_params.yaml -> /home/mscrobotics2425laptop11/rPPG_ROS/ws_dis/install/rppg_node/share/rppg_node/config
[0.798s] running install_egg_info
[0.801s] removing '/home/mscrobotics2425laptop11/rPPG_ROS/ws_dis/install/rppg_node/lib/python3.10/site-packages/rppg_node-0.0.0-py3.10.egg-info' (and everything under it)
[0.802s] Copying ../../build/rppg_node/rppg_node.egg-info to /home/mscrobotics2425laptop11/rPPG_ROS/ws_dis/install/rppg_node/lib/python3.10/site-packages/rppg_node-0.0.0-py3.10.egg-info
[0.803s] running install_scripts
[0.831s] Installing rppg_toolbox_node_run script to /home/mscrobotics2425laptop11/rPPG_ROS/ws_dis/install/rppg_node/lib/rppg_node
[0.831s] Installing rppg_toolbox_video_node script to /home/mscrobotics2425laptop11/rPPG_ROS/ws_dis/install/rppg_node/lib/rppg_node
[0.831s] Installing webcam_reader script to /home/mscrobotics2425laptop11/rPPG_ROS/ws_dis/install/rppg_node/lib/rppg_node
[0.832s] writing list of installed files to '/home/mscrobotics2425laptop11/rPPG_ROS/ws_dis/build/rppg_node/install.log'
[0.858s] Invoked command in '/home/mscrobotics2425laptop11/rPPG_ROS/ws_dis/src/rppg_node' returned '0': CONDA_PROMPT_MODIFIER=(base) PS1=(rppg_env) (base) \[\e]0;\u@\h: \w\a\]${debian_chroot:+($debian_chroot)}\[\033[01;32m\]\u@\h\[\033[00m\]:\[\033[01;34m\]\w\[\033[00m\]\$ PYTHONPATH=/home/mscrobotics2425laptop11/rPPG_ROS/ws_dis/build/rppg_node/prefix_override:/usr/lib/python3/dist-packages/colcon_core/task/python/colcon_distutils_commands:/home/mscrobotics2425laptop11/rPPG_ROS/ws_dis/install/rppg_node/lib/python3.10/site-packages:${PYTHONPATH} VIRTUAL_ENV_PROMPT=(rppg_env) /usr/bin/python3 -W ignore:setup.py install is deprecated -W ignore:easy_install command is deprecated setup.py egg_info --egg-base ../../build/rppg_node build --build-base /home/mscrobotics2425laptop11/rPPG_ROS/ws_dis/build/rppg_node/build install --record /home/mscrobotics2425laptop11/rPPG_ROS/ws_dis/build/rppg_node/install.log --single-version-externally-managed install_data
